<?xml version="1.0" encoding="UTF-8"?>
<robot generator="Robot 5.0.1 (Python 3.11.3 on win32)" generated="20230613 11:24:10.125" rpa="false" schemaversion="3">
<suite id="s1" name="MultipleWindows" source="C:\development\robot-scripts\RobotExercise\tests\MultipleWindows.robot">
<test id="s1-t1" name="Prueba" line="13">
<kw name="Begin Web Test" library="Common" type="SETUP">
<kw name="Initialize Selenium" library="Common">
<kw name="Set Selenium Timeout" library="SeleniumLibrary">
<arg>10s</arg>
<doc>Sets the timeout that is used by various keywords.</doc>
<status status="PASS" starttime="20230613 11:24:10.394" endtime="20230613 11:24:10.394"/>
</kw>
<status status="PASS" starttime="20230613 11:24:10.394" endtime="20230613 11:24:10.394"/>
</kw>
<kw name="Open Browser" library="SeleniumLibrary">
<arg>about:blank</arg>
<arg>${BROWSER}</arg>
<doc>Opens a new browser instance to the optional ``url``.</doc>
<msg timestamp="20230613 11:24:10.394" level="INFO">Opening browser 'chrome' to base url 'about:blank'.</msg>
<status status="PASS" starttime="20230613 11:24:10.394" endtime="20230613 11:24:11.598"/>
</kw>
<kw name="Maximize Browser Window" library="SeleniumLibrary">
<doc>Maximizes current browser window.</doc>
<status status="PASS" starttime="20230613 11:24:11.598" endtime="20230613 11:24:11.707"/>
</kw>
<status status="PASS" starttime="20230613 11:24:10.394" endtime="20230613 11:24:11.707"/>
</kw>
<kw name="Navigate To" library="MultipleWindowsApp">
<kw name="Go To" library="SeleniumLibrary">
<arg>${MULTIPLE_WINDOWS_URL}</arg>
<doc>Navigates the current browser window to the provided ``url``.</doc>
<msg timestamp="20230613 11:24:11.707" level="INFO">Opening url 'https://the-internet.herokuapp.com/windows'</msg>
<status status="PASS" starttime="20230613 11:24:11.707" endtime="20230613 11:24:12.740"/>
</kw>
<status status="PASS" starttime="20230613 11:24:11.707" endtime="20230613 11:24:12.740"/>
</kw>
<kw name="Go to New Window" library="MultipleWindowsApp">
<kw name="Click Link" library="SeleniumLibrary">
<arg>${WINDOW_LINK}</arg>
<doc>Clicks a link identified by ``locator``.</doc>
<msg timestamp="20230613 11:24:12.741" level="INFO">Clicking link 'Click Here'.</msg>
<status status="PASS" starttime="20230613 11:24:12.741" endtime="20230613 11:24:12.799"/>
</kw>
<kw name="Switch Window" library="SeleniumLibrary">
<arg>${NEW_WINDOW_MESSAGE}</arg>
<doc>Switches to browser window matching ``locator``.</doc>
<status status="PASS" starttime="20230613 11:24:12.799" endtime="20230613 11:24:12.896"/>
</kw>
<status status="PASS" starttime="20230613 11:24:12.741" endtime="20230613 11:24:12.896"/>
</kw>
<kw name="Validate Text Displayed on the New Window" library="MultipleWindowsApp">
<kw name="Page Should Contain" library="SeleniumLibrary">
<arg>${NEW_WINDOW_MESSAGE}</arg>
<doc>Verifies that current page contains ``text``.</doc>
<msg timestamp="20230613 11:24:12.896" level="INFO">Current page contains text 'New Window'.</msg>
<status status="PASS" starttime="20230613 11:24:12.896" endtime="20230613 11:24:12.896"/>
</kw>
<status status="PASS" starttime="20230613 11:24:12.896" endtime="20230613 11:24:12.896"/>
</kw>
<kw name="End Web Test" library="Common" type="TEARDOWN">
<kw name="Close All Browsers" library="SeleniumLibrary">
<doc>Closes all open browsers and resets the browser cache.</doc>
<status status="PASS" starttime="20230613 11:24:12.896" endtime="20230613 11:24:19.219"/>
</kw>
<status status="PASS" starttime="20230613 11:24:12.896" endtime="20230613 11:24:19.219"/>
</kw>
<status status="PASS" starttime="20230613 11:24:10.394" endtime="20230613 11:24:19.219"/>
</test>
<doc>Tests to verify the functionality of the HerokuApp key presses page</doc>
<status status="PASS" starttime="20230613 11:24:10.125" endtime="20230613 11:24:19.219"/>
</suite>
<statistics>
<total>
<stat pass="1" fail="0" skip="0">All Tests</stat>
</total>
<tag>
</tag>
<suite>
<stat pass="1" fail="0" skip="0" id="s1" name="MultipleWindows">MultipleWindows</stat>
</suite>
</statistics>
<errors>
</errors>
</robot>
