<?xml version="1.0" encoding="UTF-8"?>
<robot generator="Robot 5.0.1 (Python 3.11.3 on win32)" generated="20230615 08:41:26.173" rpa="false" schemaversion="3">
<suite id="s1" name="Download" source="C:\development\robot-scripts\RobotExercise\tests\Download.robot">
<test id="s1-t1" name="Download every file and validate each one was downloaded" line="13">
<kw name="Begin Web Test" library="Common" type="SETUP">
<kw name="Initialize Selenium" library="Common">
<kw name="Set Selenium Timeout" library="SeleniumLibrary">
<arg>10s</arg>
<doc>Sets the timeout that is used by various keywords.</doc>
<status status="PASS" starttime="20230615 08:41:26.803" endtime="20230615 08:41:26.803"/>
</kw>
<status status="PASS" starttime="20230615 08:41:26.803" endtime="20230615 08:41:26.804"/>
</kw>
<kw name="Open Browser" library="SeleniumLibrary">
<arg>about:blank</arg>
<arg>${BROWSER}</arg>
<arg>alias=Chrome</arg>
<doc>Opens a new browser instance to the optional ``url``.</doc>
<msg timestamp="20230615 08:41:26.804" level="INFO">Opening browser 'chrome' to base url 'about:blank'.</msg>
<status status="PASS" starttime="20230615 08:41:26.804" endtime="20230615 08:41:28.928"/>
</kw>
<kw name="Maximize Browser Window" library="SeleniumLibrary">
<doc>Maximizes current browser window.</doc>
<status status="PASS" starttime="20230615 08:41:28.928" endtime="20230615 08:41:29.049"/>
</kw>
<status status="PASS" starttime="20230615 08:41:26.803" endtime="20230615 08:41:29.049"/>
</kw>
<kw name="Navigate To" library="DownloadApp">
<kw name="Go To" library="SeleniumLibrary">
<arg>${DOWNLOAD_URL}</arg>
<doc>Navigates the current browser window to the provided ``url``.</doc>
<msg timestamp="20230615 08:41:29.050" level="INFO">Opening url 'https://the-internet.herokuapp.com/download'</msg>
<status status="PASS" starttime="20230615 08:41:29.050" endtime="20230615 08:41:30.125"/>
</kw>
<status status="PASS" starttime="20230615 08:41:29.050" endtime="20230615 08:41:30.125"/>
</kw>
<kw name="Download Files and Validate Download" library="DownloadApp">
<kw name="Get Download Links" library="DownloadApp">
<var>@{download_links}</var>
<doc>Returns a list of download links on the page</doc>
<kw name="Get WebElements" library="SeleniumLibrary">
<var>@{elements}</var>
<arg>${IMAGES_LOCATOR}</arg>
<doc>Returns a list of WebElement objects matching the ``locator``.</doc>
<msg timestamp="20230615 08:41:30.139" level="INFO">@{elements} = [ &lt;selenium.webdriver.remote.webelement.WebElement (session="3d8d667aaed77b2460b77bc08950f576", element="EA91D96374B8E78BEE51DF56D140A938_element_3")&gt; | &lt;selenium.webdriver.remote.webelement.WebElemen...</msg>
<status status="PASS" starttime="20230615 08:41:30.126" endtime="20230615 08:41:30.139"/>
</kw>
<kw name="Create List" library="BuiltIn">
<var>@{links}</var>
<doc>Returns a list containing given items.</doc>
<msg timestamp="20230615 08:41:30.139" level="INFO">@{links} = [ ]</msg>
<status status="PASS" starttime="20230615 08:41:30.139" endtime="20230615 08:41:30.139"/>
</kw>
<for flavor="IN">
<var>${element}</var>
<value>@{elements}</value>
<iter>
<var name="${element}">&lt;selenium.webdriver.remote.webelement.WebElement (session="3d8d667aaed77b2460b77bc08950f576", element="EA91D96374B8E78BEE51DF56D140A938_element_3")&gt;</var>
<kw name="Get Element Attribute" library="SeleniumLibrary">
<var>${link}</var>
<arg>${element}</arg>
<arg>innerHTML</arg>
<doc>Returns the value of ``attribute`` from the element ``locator``.</doc>
<msg timestamp="20230615 08:41:30.160" level="INFO">${link} = Guide_exclusive.pdf</msg>
<status status="PASS" starttime="20230615 08:41:30.139" endtime="20230615 08:41:30.160"/>
</kw>
<kw name="Append To List" library="Collections">
<arg>${links}</arg>
<arg>${link}</arg>
<doc>Adds ``values`` to the end of ``list``.</doc>
<status status="PASS" starttime="20230615 08:41:30.160" endtime="20230615 08:41:30.160"/>
</kw>
<status status="PASS" starttime="20230615 08:41:30.139" endtime="20230615 08:41:30.160"/>
</iter>
<iter>
<var name="${element}">&lt;selenium.webdriver.remote.webelement.WebElement (session="3d8d667aaed77b2460b77bc08950f576", element="EA91D96374B8E78BEE51DF56D140A938_element_4")&gt;</var>
<kw name="Get Element Attribute" library="SeleniumLibrary">
<var>${link}</var>
<arg>${element}</arg>
<arg>innerHTML</arg>
<doc>Returns the value of ``attribute`` from the element ``locator``.</doc>
<msg timestamp="20230615 08:41:30.171" level="INFO">${link} = test.txt</msg>
<status status="PASS" starttime="20230615 08:41:30.160" endtime="20230615 08:41:30.171"/>
</kw>
<kw name="Append To List" library="Collections">
<arg>${links}</arg>
<arg>${link}</arg>
<doc>Adds ``values`` to the end of ``list``.</doc>
<status status="PASS" starttime="20230615 08:41:30.171" endtime="20230615 08:41:30.171"/>
</kw>
<status status="PASS" starttime="20230615 08:41:30.160" endtime="20230615 08:41:30.171"/>
</iter>
<iter>
<var name="${element}">&lt;selenium.webdriver.remote.webelement.WebElement (session="3d8d667aaed77b2460b77bc08950f576", element="EA91D96374B8E78BEE51DF56D140A938_element_5")&gt;</var>
<kw name="Get Element Attribute" library="SeleniumLibrary">
<var>${link}</var>
<arg>${element}</arg>
<arg>innerHTML</arg>
<doc>Returns the value of ``attribute`` from the element ``locator``.</doc>
<msg timestamp="20230615 08:41:30.179" level="INFO">${link} = pxfuel (4).jpg</msg>
<status status="PASS" starttime="20230615 08:41:30.171" endtime="20230615 08:41:30.179"/>
</kw>
<kw name="Append To List" library="Collections">
<arg>${links}</arg>
<arg>${link}</arg>
<doc>Adds ``values`` to the end of ``list``.</doc>
<status status="PASS" starttime="20230615 08:41:30.179" endtime="20230615 08:41:30.179"/>
</kw>
<status status="PASS" starttime="20230615 08:41:30.171" endtime="20230615 08:41:30.179"/>
</iter>
<iter>
<var name="${element}">&lt;selenium.webdriver.remote.webelement.WebElement (session="3d8d667aaed77b2460b77bc08950f576", element="EA91D96374B8E78BEE51DF56D140A938_element_6")&gt;</var>
<kw name="Get Element Attribute" library="SeleniumLibrary">
<var>${link}</var>
<arg>${element}</arg>
<arg>innerHTML</arg>
<doc>Returns the value of ``attribute`` from the element ``locator``.</doc>
<msg timestamp="20230615 08:41:30.187" level="INFO">${link} = text.txt</msg>
<status status="PASS" starttime="20230615 08:41:30.179" endtime="20230615 08:41:30.187"/>
</kw>
<kw name="Append To List" library="Collections">
<arg>${links}</arg>
<arg>${link}</arg>
<doc>Adds ``values`` to the end of ``list``.</doc>
<status status="PASS" starttime="20230615 08:41:30.187" endtime="20230615 08:41:30.188"/>
</kw>
<status status="PASS" starttime="20230615 08:41:30.179" endtime="20230615 08:41:30.188"/>
</iter>
<iter>
<var name="${element}">&lt;selenium.webdriver.remote.webelement.WebElement (session="3d8d667aaed77b2460b77bc08950f576", element="EA91D96374B8E78BEE51DF56D140A938_element_7")&gt;</var>
<kw name="Get Element Attribute" library="SeleniumLibrary">
<var>${link}</var>
<arg>${element}</arg>
<arg>innerHTML</arg>
<doc>Returns the value of ``attribute`` from the element ``locator``.</doc>
<msg timestamp="20230615 08:41:30.194" level="INFO">${link} = icon.png</msg>
<status status="PASS" starttime="20230615 08:41:30.188" endtime="20230615 08:41:30.194"/>
</kw>
<kw name="Append To List" library="Collections">
<arg>${links}</arg>
<arg>${link}</arg>
<doc>Adds ``values`` to the end of ``list``.</doc>
<status status="PASS" starttime="20230615 08:41:30.194" endtime="20230615 08:41:30.194"/>
</kw>
<status status="PASS" starttime="20230615 08:41:30.188" endtime="20230615 08:41:30.194"/>
</iter>
<iter>
<var name="${element}">&lt;selenium.webdriver.remote.webelement.WebElement (session="3d8d667aaed77b2460b77bc08950f576", element="EA91D96374B8E78BEE51DF56D140A938_element_8")&gt;</var>
<kw name="Get Element Attribute" library="SeleniumLibrary">
<var>${link}</var>
<arg>${element}</arg>
<arg>innerHTML</arg>
<doc>Returns the value of ``attribute`` from the element ``locator``.</doc>
<msg timestamp="20230615 08:41:30.200" level="INFO">${link} = some-file.txt</msg>
<status status="PASS" starttime="20230615 08:41:30.194" endtime="20230615 08:41:30.200"/>
</kw>
<kw name="Append To List" library="Collections">
<arg>${links}</arg>
<arg>${link}</arg>
<doc>Adds ``values`` to the end of ``list``.</doc>
<status status="PASS" starttime="20230615 08:41:30.201" endtime="20230615 08:41:30.201"/>
</kw>
<status status="PASS" starttime="20230615 08:41:30.194" endtime="20230615 08:41:30.201"/>
</iter>
<iter>
<var name="${element}">&lt;selenium.webdriver.remote.webelement.WebElement (session="3d8d667aaed77b2460b77bc08950f576", element="EA91D96374B8E78BEE51DF56D140A938_element_9")&gt;</var>
<kw name="Get Element Attribute" library="SeleniumLibrary">
<var>${link}</var>
<arg>${element}</arg>
<arg>innerHTML</arg>
<doc>Returns the value of ``attribute`` from the element ``locator``.</doc>
<msg timestamp="20230615 08:41:30.208" level="INFO">${link} = sample-zip-file.zip</msg>
<status status="PASS" starttime="20230615 08:41:30.201" endtime="20230615 08:41:30.209"/>
</kw>
<kw name="Append To List" library="Collections">
<arg>${links}</arg>
<arg>${link}</arg>
<doc>Adds ``values`` to the end of ``list``.</doc>
<status status="PASS" starttime="20230615 08:41:30.209" endtime="20230615 08:41:30.209"/>
</kw>
<status status="PASS" starttime="20230615 08:41:30.201" endtime="20230615 08:41:30.209"/>
</iter>
<iter>
<var name="${element}">&lt;selenium.webdriver.remote.webelement.WebElement (session="3d8d667aaed77b2460b77bc08950f576", element="EA91D96374B8E78BEE51DF56D140A938_element_10")&gt;</var>
<kw name="Get Element Attribute" library="SeleniumLibrary">
<var>${link}</var>
<arg>${element}</arg>
<arg>innerHTML</arg>
<doc>Returns the value of ``attribute`` from the element ``locator``.</doc>
<msg timestamp="20230615 08:41:30.215" level="INFO">${link} = person.png</msg>
<status status="PASS" starttime="20230615 08:41:30.209" endtime="20230615 08:41:30.215"/>
</kw>
<kw name="Append To List" library="Collections">
<arg>${links}</arg>
<arg>${link}</arg>
<doc>Adds ``values`` to the end of ``list``.</doc>
<status status="PASS" starttime="20230615 08:41:30.215" endtime="20230615 08:41:30.215"/>
</kw>
<status status="PASS" starttime="20230615 08:41:30.209" endtime="20230615 08:41:30.215"/>
</iter>
<iter>
<var name="${element}">&lt;selenium.webdriver.remote.webelement.WebElement (session="3d8d667aaed77b2460b77bc08950f576", element="EA91D96374B8E78BEE51DF56D140A938_element_11")&gt;</var>
<kw name="Get Element Attribute" library="SeleniumLibrary">
<var>${link}</var>
<arg>${element}</arg>
<arg>innerHTML</arg>
<doc>Returns the value of ``attribute`` from the element ``locator``.</doc>
<msg timestamp="20230615 08:41:30.221" level="INFO">${link} = Screenshot.jpg</msg>
<status status="PASS" starttime="20230615 08:41:30.215" endtime="20230615 08:41:30.221"/>
</kw>
<kw name="Append To List" library="Collections">
<arg>${links}</arg>
<arg>${link}</arg>
<doc>Adds ``values`` to the end of ``list``.</doc>
<status status="PASS" starttime="20230615 08:41:30.222" endtime="20230615 08:41:30.222"/>
</kw>
<status status="PASS" starttime="20230615 08:41:30.215" endtime="20230615 08:41:30.222"/>
</iter>
<iter>
<var name="${element}">&lt;selenium.webdriver.remote.webelement.WebElement (session="3d8d667aaed77b2460b77bc08950f576", element="EA91D96374B8E78BEE51DF56D140A938_element_12")&gt;</var>
<kw name="Get Element Attribute" library="SeleniumLibrary">
<var>${link}</var>
<arg>${element}</arg>
<arg>innerHTML</arg>
<doc>Returns the value of ``attribute`` from the element ``locator``.</doc>
<msg timestamp="20230615 08:41:30.229" level="INFO">${link} = Test 1.pdf</msg>
<status status="PASS" starttime="20230615 08:41:30.222" endtime="20230615 08:41:30.229"/>
</kw>
<kw name="Append To List" library="Collections">
<arg>${links}</arg>
<arg>${link}</arg>
<doc>Adds ``values`` to the end of ``list``.</doc>
<status status="PASS" starttime="20230615 08:41:30.229" endtime="20230615 08:41:30.229"/>
</kw>
<status status="PASS" starttime="20230615 08:41:30.222" endtime="20230615 08:41:30.229"/>
</iter>
<iter>
<var name="${element}">&lt;selenium.webdriver.remote.webelement.WebElement (session="3d8d667aaed77b2460b77bc08950f576", element="EA91D96374B8E78BEE51DF56D140A938_element_13")&gt;</var>
<kw name="Get Element Attribute" library="SeleniumLibrary">
<var>${link}</var>
<arg>${element}</arg>
<arg>innerHTML</arg>
<doc>Returns the value of ``attribute`` from the element ``locator``.</doc>
<msg timestamp="20230615 08:41:30.236" level="INFO">${link} = Text1.txt</msg>
<status status="PASS" starttime="20230615 08:41:30.229" endtime="20230615 08:41:30.236"/>
</kw>
<kw name="Append To List" library="Collections">
<arg>${links}</arg>
<arg>${link}</arg>
<doc>Adds ``values`` to the end of ``list``.</doc>
<status status="PASS" starttime="20230615 08:41:30.236" endtime="20230615 08:41:30.236"/>
</kw>
<status status="PASS" starttime="20230615 08:41:30.229" endtime="20230615 08:41:30.236"/>
</iter>
<iter>
<var name="${element}">&lt;selenium.webdriver.remote.webelement.WebElement (session="3d8d667aaed77b2460b77bc08950f576", element="EA91D96374B8E78BEE51DF56D140A938_element_14")&gt;</var>
<kw name="Get Element Attribute" library="SeleniumLibrary">
<var>${link}</var>
<arg>${element}</arg>
<arg>innerHTML</arg>
<doc>Returns the value of ``attribute`` from the element ``locator``.</doc>
<msg timestamp="20230615 08:41:30.243" level="INFO">${link} = java version.png</msg>
<status status="PASS" starttime="20230615 08:41:30.237" endtime="20230615 08:41:30.243"/>
</kw>
<kw name="Append To List" library="Collections">
<arg>${links}</arg>
<arg>${link}</arg>
<doc>Adds ``values`` to the end of ``list``.</doc>
<status status="PASS" starttime="20230615 08:41:30.244" endtime="20230615 08:41:30.244"/>
</kw>
<status status="PASS" starttime="20230615 08:41:30.237" endtime="20230615 08:41:30.244"/>
</iter>
<iter>
<var name="${element}">&lt;selenium.webdriver.remote.webelement.WebElement (session="3d8d667aaed77b2460b77bc08950f576", element="EA91D96374B8E78BEE51DF56D140A938_element_15")&gt;</var>
<kw name="Get Element Attribute" library="SeleniumLibrary">
<var>${link}</var>
<arg>${element}</arg>
<arg>innerHTML</arg>
<doc>Returns the value of ``attribute`` from the element ``locator``.</doc>
<msg timestamp="20230615 08:41:30.250" level="INFO">${link} = luminoslogo.png</msg>
<status status="PASS" starttime="20230615 08:41:30.244" endtime="20230615 08:41:30.250"/>
</kw>
<kw name="Append To List" library="Collections">
<arg>${links}</arg>
<arg>${link}</arg>
<doc>Adds ``values`` to the end of ``list``.</doc>
<status status="PASS" starttime="20230615 08:41:30.250" endtime="20230615 08:41:30.251"/>
</kw>
<status status="PASS" starttime="20230615 08:41:30.244" endtime="20230615 08:41:30.251"/>
</iter>
<iter>
<var name="${element}">&lt;selenium.webdriver.remote.webelement.WebElement (session="3d8d667aaed77b2460b77bc08950f576", element="EA91D96374B8E78BEE51DF56D140A938_element_16")&gt;</var>
<kw name="Get Element Attribute" library="SeleniumLibrary">
<var>${link}</var>
<arg>${element}</arg>
<arg>innerHTML</arg>
<doc>Returns the value of ``attribute`` from the element ``locator``.</doc>
<msg timestamp="20230615 08:41:30.258" level="INFO">${link} = File1.png</msg>
<status status="PASS" starttime="20230615 08:41:30.251" endtime="20230615 08:41:30.258"/>
</kw>
<kw name="Append To List" library="Collections">
<arg>${links}</arg>
<arg>${link}</arg>
<doc>Adds ``values`` to the end of ``list``.</doc>
<status status="PASS" starttime="20230615 08:41:30.258" endtime="20230615 08:41:30.258"/>
</kw>
<status status="PASS" starttime="20230615 08:41:30.251" endtime="20230615 08:41:30.258"/>
</iter>
<iter>
<var name="${element}">&lt;selenium.webdriver.remote.webelement.WebElement (session="3d8d667aaed77b2460b77bc08950f576", element="EA91D96374B8E78BEE51DF56D140A938_element_17")&gt;</var>
<kw name="Get Element Attribute" library="SeleniumLibrary">
<var>${link}</var>
<arg>${element}</arg>
<arg>innerHTML</arg>
<doc>Returns the value of ``attribute`` from the element ``locator``.</doc>
<msg timestamp="20230615 08:41:30.264" level="INFO">${link} = my-screenshot.png</msg>
<status status="PASS" starttime="20230615 08:41:30.258" endtime="20230615 08:41:30.264"/>
</kw>
<kw name="Append To List" library="Collections">
<arg>${links}</arg>
<arg>${link}</arg>
<doc>Adds ``values`` to the end of ``list``.</doc>
<status status="PASS" starttime="20230615 08:41:30.264" endtime="20230615 08:41:30.264"/>
</kw>
<status status="PASS" starttime="20230615 08:41:30.258" endtime="20230615 08:41:30.264"/>
</iter>
<iter>
<var name="${element}">&lt;selenium.webdriver.remote.webelement.WebElement (session="3d8d667aaed77b2460b77bc08950f576", element="EA91D96374B8E78BEE51DF56D140A938_element_18")&gt;</var>
<kw name="Get Element Attribute" library="SeleniumLibrary">
<var>${link}</var>
<arg>${element}</arg>
<arg>innerHTML</arg>
<doc>Returns the value of ``attribute`` from the element ``locator``.</doc>
<msg timestamp="20230615 08:41:30.271" level="INFO">${link} = dummy.pdf</msg>
<status status="PASS" starttime="20230615 08:41:30.264" endtime="20230615 08:41:30.271"/>
</kw>
<kw name="Append To List" library="Collections">
<arg>${links}</arg>
<arg>${link}</arg>
<doc>Adds ``values`` to the end of ``list``.</doc>
<status status="PASS" starttime="20230615 08:41:30.271" endtime="20230615 08:41:30.271"/>
</kw>
<status status="PASS" starttime="20230615 08:41:30.264" endtime="20230615 08:41:30.271"/>
</iter>
<iter>
<var name="${element}">&lt;selenium.webdriver.remote.webelement.WebElement (session="3d8d667aaed77b2460b77bc08950f576", element="EA91D96374B8E78BEE51DF56D140A938_element_19")&gt;</var>
<kw name="Get Element Attribute" library="SeleniumLibrary">
<var>${link}</var>
<arg>${element}</arg>
<arg>innerHTML</arg>
<doc>Returns the value of ``attribute`` from the element ``locator``.</doc>
<msg timestamp="20230615 08:41:30.278" level="INFO">${link} = File.txt</msg>
<status status="PASS" starttime="20230615 08:41:30.271" endtime="20230615 08:41:30.278"/>
</kw>
<kw name="Append To List" library="Collections">
<arg>${links}</arg>
<arg>${link}</arg>
<doc>Adds ``values`` to the end of ``list``.</doc>
<status status="PASS" starttime="20230615 08:41:30.278" endtime="20230615 08:41:30.278"/>
</kw>
<status status="PASS" starttime="20230615 08:41:30.271" endtime="20230615 08:41:30.278"/>
</iter>
<iter>
<var name="${element}">&lt;selenium.webdriver.remote.webelement.WebElement (session="3d8d667aaed77b2460b77bc08950f576", element="EA91D96374B8E78BEE51DF56D140A938_element_20")&gt;</var>
<kw name="Get Element Attribute" library="SeleniumLibrary">
<var>${link}</var>
<arg>${element}</arg>
<arg>innerHTML</arg>
<doc>Returns the value of ``attribute`` from the element ``locator``.</doc>
<msg timestamp="20230615 08:41:30.285" level="INFO">${link} = python_movie.png</msg>
<status status="PASS" starttime="20230615 08:41:30.278" endtime="20230615 08:41:30.285"/>
</kw>
<kw name="Append To List" library="Collections">
<arg>${links}</arg>
<arg>${link}</arg>
<doc>Adds ``values`` to the end of ``list``.</doc>
<status status="PASS" starttime="20230615 08:41:30.285" endtime="20230615 08:41:30.285"/>
</kw>
<status status="PASS" starttime="20230615 08:41:30.278" endtime="20230615 08:41:30.285"/>
</iter>
<iter>
<var name="${element}">&lt;selenium.webdriver.remote.webelement.WebElement (session="3d8d667aaed77b2460b77bc08950f576", element="EA91D96374B8E78BEE51DF56D140A938_element_21")&gt;</var>
<kw name="Get Element Attribute" library="SeleniumLibrary">
<var>${link}</var>
<arg>${element}</arg>
<arg>innerHTML</arg>
<doc>Returns the value of ``attribute`` from the element ``locator``.</doc>
<msg timestamp="20230615 08:41:30.290" level="INFO">${link} = test-file.txt</msg>
<status status="PASS" starttime="20230615 08:41:30.285" endtime="20230615 08:41:30.290"/>
</kw>
<kw name="Append To List" library="Collections">
<arg>${links}</arg>
<arg>${link}</arg>
<doc>Adds ``values`` to the end of ``list``.</doc>
<status status="PASS" starttime="20230615 08:41:30.290" endtime="20230615 08:41:30.291"/>
</kw>
<status status="PASS" starttime="20230615 08:41:30.285" endtime="20230615 08:41:30.291"/>
</iter>
<iter>
<var name="${element}">&lt;selenium.webdriver.remote.webelement.WebElement (session="3d8d667aaed77b2460b77bc08950f576", element="EA91D96374B8E78BEE51DF56D140A938_element_22")&gt;</var>
<kw name="Get Element Attribute" library="SeleniumLibrary">
<var>${link}</var>
<arg>${element}</arg>
<arg>innerHTML</arg>
<doc>Returns the value of ``attribute`` from the element ``locator``.</doc>
<msg timestamp="20230615 08:41:30.297" level="INFO">${link} = myfile.jpg</msg>
<status status="PASS" starttime="20230615 08:41:30.291" endtime="20230615 08:41:30.297"/>
</kw>
<kw name="Append To List" library="Collections">
<arg>${links}</arg>
<arg>${link}</arg>
<doc>Adds ``values`` to the end of ``list``.</doc>
<status status="PASS" starttime="20230615 08:41:30.297" endtime="20230615 08:41:30.298"/>
</kw>
<status status="PASS" starttime="20230615 08:41:30.291" endtime="20230615 08:41:30.298"/>
</iter>
<iter>
<var name="${element}">&lt;selenium.webdriver.remote.webelement.WebElement (session="3d8d667aaed77b2460b77bc08950f576", element="EA91D96374B8E78BEE51DF56D140A938_element_23")&gt;</var>
<kw name="Get Element Attribute" library="SeleniumLibrary">
<var>${link}</var>
<arg>${element}</arg>
<arg>innerHTML</arg>
<doc>Returns the value of ``attribute`` from the element ``locator``.</doc>
<msg timestamp="20230615 08:41:30.304" level="INFO">${link} = Passport Size Photo.jpeg</msg>
<status status="PASS" starttime="20230615 08:41:30.298" endtime="20230615 08:41:30.304"/>
</kw>
<kw name="Append To List" library="Collections">
<arg>${links}</arg>
<arg>${link}</arg>
<doc>Adds ``values`` to the end of ``list``.</doc>
<status status="PASS" starttime="20230615 08:41:30.304" endtime="20230615 08:41:30.304"/>
</kw>
<status status="PASS" starttime="20230615 08:41:30.298" endtime="20230615 08:41:30.304"/>
</iter>
<iter>
<var name="${element}">&lt;selenium.webdriver.remote.webelement.WebElement (session="3d8d667aaed77b2460b77bc08950f576", element="EA91D96374B8E78BEE51DF56D140A938_element_24")&gt;</var>
<kw name="Get Element Attribute" library="SeleniumLibrary">
<var>${link}</var>
<arg>${element}</arg>
<arg>innerHTML</arg>
<doc>Returns the value of ``attribute`` from the element ``locator``.</doc>
<msg timestamp="20230615 08:41:30.311" level="INFO">${link} = upload.png</msg>
<status status="PASS" starttime="20230615 08:41:30.304" endtime="20230615 08:41:30.311"/>
</kw>
<kw name="Append To List" library="Collections">
<arg>${links}</arg>
<arg>${link}</arg>
<doc>Adds ``values`` to the end of ``list``.</doc>
<status status="PASS" starttime="20230615 08:41:30.311" endtime="20230615 08:41:30.311"/>
</kw>
<status status="PASS" starttime="20230615 08:41:30.304" endtime="20230615 08:41:30.311"/>
</iter>
<iter>
<var name="${element}">&lt;selenium.webdriver.remote.webelement.WebElement (session="3d8d667aaed77b2460b77bc08950f576", element="EA91D96374B8E78BEE51DF56D140A938_element_25")&gt;</var>
<kw name="Get Element Attribute" library="SeleniumLibrary">
<var>${link}</var>
<arg>${element}</arg>
<arg>innerHTML</arg>
<doc>Returns the value of ``attribute`` from the element ``locator``.</doc>
<msg timestamp="20230615 08:41:30.319" level="INFO">${link} = test.pdf</msg>
<status status="PASS" starttime="20230615 08:41:30.311" endtime="20230615 08:41:30.319"/>
</kw>
<kw name="Append To List" library="Collections">
<arg>${links}</arg>
<arg>${link}</arg>
<doc>Adds ``values`` to the end of ``list``.</doc>
<status status="PASS" starttime="20230615 08:41:30.319" endtime="20230615 08:41:30.320"/>
</kw>
<status status="PASS" starttime="20230615 08:41:30.311" endtime="20230615 08:41:30.320"/>
</iter>
<iter>
<var name="${element}">&lt;selenium.webdriver.remote.webelement.WebElement (session="3d8d667aaed77b2460b77bc08950f576", element="EA91D96374B8E78BEE51DF56D140A938_element_26")&gt;</var>
<kw name="Get Element Attribute" library="SeleniumLibrary">
<var>${link}</var>
<arg>${element}</arg>
<arg>innerHTML</arg>
<doc>Returns the value of ``attribute`` from the element ``locator``.</doc>
<msg timestamp="20230615 08:41:30.328" level="INFO">${link} = main_attachment.pdf</msg>
<status status="PASS" starttime="20230615 08:41:30.320" endtime="20230615 08:41:30.328"/>
</kw>
<kw name="Append To List" library="Collections">
<arg>${links}</arg>
<arg>${link}</arg>
<doc>Adds ``values`` to the end of ``list``.</doc>
<status status="PASS" starttime="20230615 08:41:30.328" endtime="20230615 08:41:30.328"/>
</kw>
<status status="PASS" starttime="20230615 08:41:30.320" endtime="20230615 08:41:30.328"/>
</iter>
<iter>
<var name="${element}">&lt;selenium.webdriver.remote.webelement.WebElement (session="3d8d667aaed77b2460b77bc08950f576", element="EA91D96374B8E78BEE51DF56D140A938_element_27")&gt;</var>
<kw name="Get Element Attribute" library="SeleniumLibrary">
<var>${link}</var>
<arg>${element}</arg>
<arg>innerHTML</arg>
<doc>Returns the value of ``attribute`` from the element ``locator``.</doc>
<msg timestamp="20230615 08:41:30.336" level="INFO">${link} = myfile (1).docx</msg>
<status status="PASS" starttime="20230615 08:41:30.328" endtime="20230615 08:41:30.336"/>
</kw>
<kw name="Append To List" library="Collections">
<arg>${links}</arg>
<arg>${link}</arg>
<doc>Adds ``values`` to the end of ``list``.</doc>
<status status="PASS" starttime="20230615 08:41:30.336" endtime="20230615 08:41:30.336"/>
</kw>
<status status="PASS" starttime="20230615 08:41:30.328" endtime="20230615 08:41:30.336"/>
</iter>
<iter>
<var name="${element}">&lt;selenium.webdriver.remote.webelement.WebElement (session="3d8d667aaed77b2460b77bc08950f576", element="EA91D96374B8E78BEE51DF56D140A938_element_28")&gt;</var>
<kw name="Get Element Attribute" library="SeleniumLibrary">
<var>${link}</var>
<arg>${element}</arg>
<arg>innerHTML</arg>
<doc>Returns the value of ``attribute`` from the element ``locator``.</doc>
<msg timestamp="20230615 08:41:30.344" level="INFO">${link} = FileToUpload.png</msg>
<status status="PASS" starttime="20230615 08:41:30.336" endtime="20230615 08:41:30.344"/>
</kw>
<kw name="Append To List" library="Collections">
<arg>${links}</arg>
<arg>${link}</arg>
<doc>Adds ``values`` to the end of ``list``.</doc>
<status status="PASS" starttime="20230615 08:41:30.344" endtime="20230615 08:41:30.344"/>
</kw>
<status status="PASS" starttime="20230615 08:41:30.336" endtime="20230615 08:41:30.344"/>
</iter>
<iter>
<var name="${element}">&lt;selenium.webdriver.remote.webelement.WebElement (session="3d8d667aaed77b2460b77bc08950f576", element="EA91D96374B8E78BEE51DF56D140A938_element_29")&gt;</var>
<kw name="Get Element Attribute" library="SeleniumLibrary">
<var>${link}</var>
<arg>${element}</arg>
<arg>innerHTML</arg>
<doc>Returns the value of ``attribute`` from the element ``locator``.</doc>
<msg timestamp="20230615 08:41:30.351" level="INFO">${link} = Testcaes.xlsx</msg>
<status status="PASS" starttime="20230615 08:41:30.344" endtime="20230615 08:41:30.351"/>
</kw>
<kw name="Append To List" library="Collections">
<arg>${links}</arg>
<arg>${link}</arg>
<doc>Adds ``values`` to the end of ``list``.</doc>
<status status="PASS" starttime="20230615 08:41:30.351" endtime="20230615 08:41:30.351"/>
</kw>
<status status="PASS" starttime="20230615 08:41:30.344" endtime="20230615 08:41:30.351"/>
</iter>
<iter>
<var name="${element}">&lt;selenium.webdriver.remote.webelement.WebElement (session="3d8d667aaed77b2460b77bc08950f576", element="EA91D96374B8E78BEE51DF56D140A938_element_30")&gt;</var>
<kw name="Get Element Attribute" library="SeleniumLibrary">
<var>${link}</var>
<arg>${element}</arg>
<arg>innerHTML</arg>
<doc>Returns the value of ``attribute`` from the element ``locator``.</doc>
<msg timestamp="20230615 08:41:30.357" level="INFO">${link} = Madhuri Mishra__QA_7_Years.pdf</msg>
<status status="PASS" starttime="20230615 08:41:30.351" endtime="20230615 08:41:30.357"/>
</kw>
<kw name="Append To List" library="Collections">
<arg>${links}</arg>
<arg>${link}</arg>
<doc>Adds ``values`` to the end of ``list``.</doc>
<status status="PASS" starttime="20230615 08:41:30.357" endtime="20230615 08:41:30.358"/>
</kw>
<status status="PASS" starttime="20230615 08:41:30.351" endtime="20230615 08:41:30.358"/>
</iter>
<iter>
<var name="${element}">&lt;selenium.webdriver.remote.webelement.WebElement (session="3d8d667aaed77b2460b77bc08950f576", element="EA91D96374B8E78BEE51DF56D140A938_element_31")&gt;</var>
<kw name="Get Element Attribute" library="SeleniumLibrary">
<var>${link}</var>
<arg>${element}</arg>
<arg>innerHTML</arg>
<doc>Returns the value of ``attribute`` from the element ``locator``.</doc>
<msg timestamp="20230615 08:41:30.365" level="INFO">${link} = npx prettier.txt</msg>
<status status="PASS" starttime="20230615 08:41:30.358" endtime="20230615 08:41:30.365"/>
</kw>
<kw name="Append To List" library="Collections">
<arg>${links}</arg>
<arg>${link}</arg>
<doc>Adds ``values`` to the end of ``list``.</doc>
<status status="PASS" starttime="20230615 08:41:30.365" endtime="20230615 08:41:30.365"/>
</kw>
<status status="PASS" starttime="20230615 08:41:30.358" endtime="20230615 08:41:30.365"/>
</iter>
<iter>
<var name="${element}">&lt;selenium.webdriver.remote.webelement.WebElement (session="3d8d667aaed77b2460b77bc08950f576", element="EA91D96374B8E78BEE51DF56D140A938_element_32")&gt;</var>
<kw name="Get Element Attribute" library="SeleniumLibrary">
<var>${link}</var>
<arg>${element}</arg>
<arg>innerHTML</arg>
<doc>Returns the value of ``attribute`` from the element ``locator``.</doc>
<msg timestamp="20230615 08:41:30.371" level="INFO">${link} = sample.pdf</msg>
<status status="PASS" starttime="20230615 08:41:30.365" endtime="20230615 08:41:30.371"/>
</kw>
<kw name="Append To List" library="Collections">
<arg>${links}</arg>
<arg>${link}</arg>
<doc>Adds ``values`` to the end of ``list``.</doc>
<status status="PASS" starttime="20230615 08:41:30.371" endtime="20230615 08:41:30.371"/>
</kw>
<status status="PASS" starttime="20230615 08:41:30.365" endtime="20230615 08:41:30.371"/>
</iter>
<iter>
<var name="${element}">&lt;selenium.webdriver.remote.webelement.WebElement (session="3d8d667aaed77b2460b77bc08950f576", element="EA91D96374B8E78BEE51DF56D140A938_element_33")&gt;</var>
<kw name="Get Element Attribute" library="SeleniumLibrary">
<var>${link}</var>
<arg>${element}</arg>
<arg>innerHTML</arg>
<doc>Returns the value of ``attribute`` from the element ``locator``.</doc>
<msg timestamp="20230615 08:41:30.378" level="INFO">${link} = profile-full-75ff1757-13f4-45fd-ba13-6924ccbb8a99.pdf</msg>
<status status="PASS" starttime="20230615 08:41:30.371" endtime="20230615 08:41:30.378"/>
</kw>
<kw name="Append To List" library="Collections">
<arg>${links}</arg>
<arg>${link}</arg>
<doc>Adds ``values`` to the end of ``list``.</doc>
<status status="PASS" starttime="20230615 08:41:30.378" endtime="20230615 08:41:30.378"/>
</kw>
<status status="PASS" starttime="20230615 08:41:30.371" endtime="20230615 08:41:30.378"/>
</iter>
<iter>
<var name="${element}">&lt;selenium.webdriver.remote.webelement.WebElement (session="3d8d667aaed77b2460b77bc08950f576", element="EA91D96374B8E78BEE51DF56D140A938_element_34")&gt;</var>
<kw name="Get Element Attribute" library="SeleniumLibrary">
<var>${link}</var>
<arg>${element}</arg>
<arg>innerHTML</arg>
<doc>Returns the value of ``attribute`` from the element ``locator``.</doc>
<msg timestamp="20230615 08:41:30.385" level="INFO">${link} = sample.png</msg>
<status status="PASS" starttime="20230615 08:41:30.378" endtime="20230615 08:41:30.385"/>
</kw>
<kw name="Append To List" library="Collections">
<arg>${links}</arg>
<arg>${link}</arg>
<doc>Adds ``values`` to the end of ``list``.</doc>
<status status="PASS" starttime="20230615 08:41:30.385" endtime="20230615 08:41:30.385"/>
</kw>
<status status="PASS" starttime="20230615 08:41:30.378" endtime="20230615 08:41:30.385"/>
</iter>
<iter>
<var name="${element}">&lt;selenium.webdriver.remote.webelement.WebElement (session="3d8d667aaed77b2460b77bc08950f576", element="EA91D96374B8E78BEE51DF56D140A938_element_35")&gt;</var>
<kw name="Get Element Attribute" library="SeleniumLibrary">
<var>${link}</var>
<arg>${element}</arg>
<arg>innerHTML</arg>
<doc>Returns the value of ``attribute`` from the element ``locator``.</doc>
<msg timestamp="20230615 08:41:30.391" level="INFO">${link} = FreshTrade.png</msg>
<status status="PASS" starttime="20230615 08:41:30.386" endtime="20230615 08:41:30.391"/>
</kw>
<kw name="Append To List" library="Collections">
<arg>${links}</arg>
<arg>${link}</arg>
<doc>Adds ``values`` to the end of ``list``.</doc>
<status status="PASS" starttime="20230615 08:41:30.392" endtime="20230615 08:41:30.392"/>
</kw>
<status status="PASS" starttime="20230615 08:41:30.385" endtime="20230615 08:41:30.392"/>
</iter>
<iter>
<var name="${element}">&lt;selenium.webdriver.remote.webelement.WebElement (session="3d8d667aaed77b2460b77bc08950f576", element="EA91D96374B8E78BEE51DF56D140A938_element_36")&gt;</var>
<kw name="Get Element Attribute" library="SeleniumLibrary">
<var>${link}</var>
<arg>${element}</arg>
<arg>innerHTML</arg>
<doc>Returns the value of ``attribute`` from the element ``locator``.</doc>
<msg timestamp="20230615 08:41:30.398" level="INFO">${link} = vvv.jpg</msg>
<status status="PASS" starttime="20230615 08:41:30.392" endtime="20230615 08:41:30.398"/>
</kw>
<kw name="Append To List" library="Collections">
<arg>${links}</arg>
<arg>${link}</arg>
<doc>Adds ``values`` to the end of ``list``.</doc>
<status status="PASS" starttime="20230615 08:41:30.398" endtime="20230615 08:41:30.398"/>
</kw>
<status status="PASS" starttime="20230615 08:41:30.392" endtime="20230615 08:41:30.398"/>
</iter>
<iter>
<var name="${element}">&lt;selenium.webdriver.remote.webelement.WebElement (session="3d8d667aaed77b2460b77bc08950f576", element="EA91D96374B8E78BEE51DF56D140A938_element_37")&gt;</var>
<kw name="Get Element Attribute" library="SeleniumLibrary">
<var>${link}</var>
<arg>${element}</arg>
<arg>innerHTML</arg>
<doc>Returns the value of ``attribute`` from the element ``locator``.</doc>
<msg timestamp="20230615 08:41:30.403" level="INFO">${link} = img1.png</msg>
<status status="PASS" starttime="20230615 08:41:30.398" endtime="20230615 08:41:30.403"/>
</kw>
<kw name="Append To List" library="Collections">
<arg>${links}</arg>
<arg>${link}</arg>
<doc>Adds ``values`` to the end of ``list``.</doc>
<status status="PASS" starttime="20230615 08:41:30.403" endtime="20230615 08:41:30.403"/>
</kw>
<status status="PASS" starttime="20230615 08:41:30.398" endtime="20230615 08:41:30.403"/>
</iter>
<iter>
<var name="${element}">&lt;selenium.webdriver.remote.webelement.WebElement (session="3d8d667aaed77b2460b77bc08950f576", element="EA91D96374B8E78BEE51DF56D140A938_element_38")&gt;</var>
<kw name="Get Element Attribute" library="SeleniumLibrary">
<var>${link}</var>
<arg>${element}</arg>
<arg>innerHTML</arg>
<doc>Returns the value of ``attribute`` from the element ``locator``.</doc>
<msg timestamp="20230615 08:41:30.409" level="INFO">${link} = ANUTEST.xml</msg>
<status status="PASS" starttime="20230615 08:41:30.404" endtime="20230615 08:41:30.410"/>
</kw>
<kw name="Append To List" library="Collections">
<arg>${links}</arg>
<arg>${link}</arg>
<doc>Adds ``values`` to the end of ``list``.</doc>
<status status="PASS" starttime="20230615 08:41:30.410" endtime="20230615 08:41:30.410"/>
</kw>
<status status="PASS" starttime="20230615 08:41:30.404" endtime="20230615 08:41:30.410"/>
</iter>
<iter>
<var name="${element}">&lt;selenium.webdriver.remote.webelement.WebElement (session="3d8d667aaed77b2460b77bc08950f576", element="EA91D96374B8E78BEE51DF56D140A938_element_39")&gt;</var>
<kw name="Get Element Attribute" library="SeleniumLibrary">
<var>${link}</var>
<arg>${element}</arg>
<arg>innerHTML</arg>
<doc>Returns the value of ``attribute`` from the element ``locator``.</doc>
<msg timestamp="20230615 08:41:30.416" level="INFO">${link} = 5mb script.xml</msg>
<status status="PASS" starttime="20230615 08:41:30.410" endtime="20230615 08:41:30.416"/>
</kw>
<kw name="Append To List" library="Collections">
<arg>${links}</arg>
<arg>${link}</arg>
<doc>Adds ``values`` to the end of ``list``.</doc>
<status status="PASS" starttime="20230615 08:41:30.416" endtime="20230615 08:41:30.416"/>
</kw>
<status status="PASS" starttime="20230615 08:41:30.410" endtime="20230615 08:41:30.416"/>
</iter>
<iter>
<var name="${element}">&lt;selenium.webdriver.remote.webelement.WebElement (session="3d8d667aaed77b2460b77bc08950f576", element="EA91D96374B8E78BEE51DF56D140A938_element_40")&gt;</var>
<kw name="Get Element Attribute" library="SeleniumLibrary">
<var>${link}</var>
<arg>${element}</arg>
<arg>innerHTML</arg>
<doc>Returns the value of ``attribute`` from the element ``locator``.</doc>
<msg timestamp="20230615 08:41:30.423" level="INFO">${link} = test1.txt</msg>
<status status="PASS" starttime="20230615 08:41:30.416" endtime="20230615 08:41:30.423"/>
</kw>
<kw name="Append To List" library="Collections">
<arg>${links}</arg>
<arg>${link}</arg>
<doc>Adds ``values`` to the end of ``list``.</doc>
<status status="PASS" starttime="20230615 08:41:30.423" endtime="20230615 08:41:30.423"/>
</kw>
<status status="PASS" starttime="20230615 08:41:30.416" endtime="20230615 08:41:30.423"/>
</iter>
<iter>
<var name="${element}">&lt;selenium.webdriver.remote.webelement.WebElement (session="3d8d667aaed77b2460b77bc08950f576", element="EA91D96374B8E78BEE51DF56D140A938_element_41")&gt;</var>
<kw name="Get Element Attribute" library="SeleniumLibrary">
<var>${link}</var>
<arg>${element}</arg>
<arg>innerHTML</arg>
<doc>Returns the value of ``attribute`` from the element ``locator``.</doc>
<msg timestamp="20230615 08:41:30.430" level="INFO">${link} = megadyneBladeHero.jpg</msg>
<status status="PASS" starttime="20230615 08:41:30.423" endtime="20230615 08:41:30.430"/>
</kw>
<kw name="Append To List" library="Collections">
<arg>${links}</arg>
<arg>${link}</arg>
<doc>Adds ``values`` to the end of ``list``.</doc>
<status status="PASS" starttime="20230615 08:41:30.430" endtime="20230615 08:41:30.430"/>
</kw>
<status status="PASS" starttime="20230615 08:41:30.423" endtime="20230615 08:41:30.430"/>
</iter>
<iter>
<var name="${element}">&lt;selenium.webdriver.remote.webelement.WebElement (session="3d8d667aaed77b2460b77bc08950f576", element="EA91D96374B8E78BEE51DF56D140A938_element_42")&gt;</var>
<kw name="Get Element Attribute" library="SeleniumLibrary">
<var>${link}</var>
<arg>${element}</arg>
<arg>innerHTML</arg>
<doc>Returns the value of ``attribute`` from the element ``locator``.</doc>
<msg timestamp="20230615 08:41:30.437" level="INFO">${link} = pom.xml</msg>
<status status="PASS" starttime="20230615 08:41:30.430" endtime="20230615 08:41:30.437"/>
</kw>
<kw name="Append To List" library="Collections">
<arg>${links}</arg>
<arg>${link}</arg>
<doc>Adds ``values`` to the end of ``list``.</doc>
<status status="PASS" starttime="20230615 08:41:30.437" endtime="20230615 08:41:30.438"/>
</kw>
<status status="PASS" starttime="20230615 08:41:30.430" endtime="20230615 08:41:30.438"/>
</iter>
<iter>
<var name="${element}">&lt;selenium.webdriver.remote.webelement.WebElement (session="3d8d667aaed77b2460b77bc08950f576", element="EA91D96374B8E78BEE51DF56D140A938_element_43")&gt;</var>
<kw name="Get Element Attribute" library="SeleniumLibrary">
<var>${link}</var>
<arg>${element}</arg>
<arg>innerHTML</arg>
<doc>Returns the value of ``attribute`` from the element ``locator``.</doc>
<msg timestamp="20230615 08:41:30.443" level="INFO">${link} = evening.png</msg>
<status status="PASS" starttime="20230615 08:41:30.438" endtime="20230615 08:41:30.443"/>
</kw>
<kw name="Append To List" library="Collections">
<arg>${links}</arg>
<arg>${link}</arg>
<doc>Adds ``values`` to the end of ``list``.</doc>
<status status="PASS" starttime="20230615 08:41:30.443" endtime="20230615 08:41:30.443"/>
</kw>
<status status="PASS" starttime="20230615 08:41:30.438" endtime="20230615 08:41:30.443"/>
</iter>
<iter>
<var name="${element}">&lt;selenium.webdriver.remote.webelement.WebElement (session="3d8d667aaed77b2460b77bc08950f576", element="EA91D96374B8E78BEE51DF56D140A938_element_44")&gt;</var>
<kw name="Get Element Attribute" library="SeleniumLibrary">
<var>${link}</var>
<arg>${element}</arg>
<arg>innerHTML</arg>
<doc>Returns the value of ``attribute`` from the element ``locator``.</doc>
<msg timestamp="20230615 08:41:30.451" level="INFO">${link} = python_NBA.png</msg>
<status status="PASS" starttime="20230615 08:41:30.444" endtime="20230615 08:41:30.451"/>
</kw>
<kw name="Append To List" library="Collections">
<arg>${links}</arg>
<arg>${link}</arg>
<doc>Adds ``values`` to the end of ``list``.</doc>
<status status="PASS" starttime="20230615 08:41:30.451" endtime="20230615 08:41:30.451"/>
</kw>
<status status="PASS" starttime="20230615 08:41:30.444" endtime="20230615 08:41:30.451"/>
</iter>
<iter>
<var name="${element}">&lt;selenium.webdriver.remote.webelement.WebElement (session="3d8d667aaed77b2460b77bc08950f576", element="EA91D96374B8E78BEE51DF56D140A938_element_45")&gt;</var>
<kw name="Get Element Attribute" library="SeleniumLibrary">
<var>${link}</var>
<arg>${element}</arg>
<arg>innerHTML</arg>
<doc>Returns the value of ``attribute`` from the element ``locator``.</doc>
<msg timestamp="20230615 08:41:30.457" level="INFO">${link} = preview.pdf</msg>
<status status="PASS" starttime="20230615 08:41:30.451" endtime="20230615 08:41:30.457"/>
</kw>
<kw name="Append To List" library="Collections">
<arg>${links}</arg>
<arg>${link}</arg>
<doc>Adds ``values`` to the end of ``list``.</doc>
<status status="PASS" starttime="20230615 08:41:30.457" endtime="20230615 08:41:30.457"/>
</kw>
<status status="PASS" starttime="20230615 08:41:30.451" endtime="20230615 08:41:30.457"/>
</iter>
<iter>
<var name="${element}">&lt;selenium.webdriver.remote.webelement.WebElement (session="3d8d667aaed77b2460b77bc08950f576", element="EA91D96374B8E78BEE51DF56D140A938_element_46")&gt;</var>
<kw name="Get Element Attribute" library="SeleniumLibrary">
<var>${link}</var>
<arg>${element}</arg>
<arg>innerHTML</arg>
<doc>Returns the value of ``attribute`` from the element ``locator``.</doc>
<msg timestamp="20230615 08:41:30.463" level="INFO">${link} = file_example_JPG_2500kB.jpg</msg>
<status status="PASS" starttime="20230615 08:41:30.457" endtime="20230615 08:41:30.463"/>
</kw>
<kw name="Append To List" library="Collections">
<arg>${links}</arg>
<arg>${link}</arg>
<doc>Adds ``values`` to the end of ``list``.</doc>
<status status="PASS" starttime="20230615 08:41:30.463" endtime="20230615 08:41:30.464"/>
</kw>
<status status="PASS" starttime="20230615 08:41:30.457" endtime="20230615 08:41:30.464"/>
</iter>
<iter>
<var name="${element}">&lt;selenium.webdriver.remote.webelement.WebElement (session="3d8d667aaed77b2460b77bc08950f576", element="EA91D96374B8E78BEE51DF56D140A938_element_47")&gt;</var>
<kw name="Get Element Attribute" library="SeleniumLibrary">
<var>${link}</var>
<arg>${element}</arg>
<arg>innerHTML</arg>
<doc>Returns the value of ``attribute`` from the element ``locator``.</doc>
<msg timestamp="20230615 08:41:30.470" level="INFO">${link} = File2.png</msg>
<status status="PASS" starttime="20230615 08:41:30.464" endtime="20230615 08:41:30.470"/>
</kw>
<kw name="Append To List" library="Collections">
<arg>${links}</arg>
<arg>${link}</arg>
<doc>Adds ``values`` to the end of ``list``.</doc>
<status status="PASS" starttime="20230615 08:41:30.470" endtime="20230615 08:41:30.470"/>
</kw>
<status status="PASS" starttime="20230615 08:41:30.464" endtime="20230615 08:41:30.470"/>
</iter>
<iter>
<var name="${element}">&lt;selenium.webdriver.remote.webelement.WebElement (session="3d8d667aaed77b2460b77bc08950f576", element="EA91D96374B8E78BEE51DF56D140A938_element_48")&gt;</var>
<kw name="Get Element Attribute" library="SeleniumLibrary">
<var>${link}</var>
<arg>${element}</arg>
<arg>innerHTML</arg>
<doc>Returns the value of ``attribute`` from the element ``locator``.</doc>
<msg timestamp="20230615 08:41:30.477" level="INFO">${link} = AccountDetails.pdf</msg>
<status status="PASS" starttime="20230615 08:41:30.470" endtime="20230615 08:41:30.477"/>
</kw>
<kw name="Append To List" library="Collections">
<arg>${links}</arg>
<arg>${link}</arg>
<doc>Adds ``values`` to the end of ``list``.</doc>
<status status="PASS" starttime="20230615 08:41:30.477" endtime="20230615 08:41:30.477"/>
</kw>
<status status="PASS" starttime="20230615 08:41:30.470" endtime="20230615 08:41:30.477"/>
</iter>
<iter>
<var name="${element}">&lt;selenium.webdriver.remote.webelement.WebElement (session="3d8d667aaed77b2460b77bc08950f576", element="EA91D96374B8E78BEE51DF56D140A938_element_49")&gt;</var>
<kw name="Get Element Attribute" library="SeleniumLibrary">
<var>${link}</var>
<arg>${element}</arg>
<arg>innerHTML</arg>
<doc>Returns the value of ``attribute`` from the element ``locator``.</doc>
<msg timestamp="20230615 08:41:30.484" level="INFO">${link} = LambdaTest.txt</msg>
<status status="PASS" starttime="20230615 08:41:30.477" endtime="20230615 08:41:30.484"/>
</kw>
<kw name="Append To List" library="Collections">
<arg>${links}</arg>
<arg>${link}</arg>
<doc>Adds ``values`` to the end of ``list``.</doc>
<status status="PASS" starttime="20230615 08:41:30.484" endtime="20230615 08:41:30.484"/>
</kw>
<status status="PASS" starttime="20230615 08:41:30.477" endtime="20230615 08:41:30.484"/>
</iter>
<iter>
<var name="${element}">&lt;selenium.webdriver.remote.webelement.WebElement (session="3d8d667aaed77b2460b77bc08950f576", element="EA91D96374B8E78BEE51DF56D140A938_element_50")&gt;</var>
<kw name="Get Element Attribute" library="SeleniumLibrary">
<var>${link}</var>
<arg>${element}</arg>
<arg>innerHTML</arg>
<doc>Returns the value of ``attribute`` from the element ``locator``.</doc>
<msg timestamp="20230615 08:41:30.491" level="INFO">${link} = myfile.pdf</msg>
<status status="PASS" starttime="20230615 08:41:30.484" endtime="20230615 08:41:30.491"/>
</kw>
<kw name="Append To List" library="Collections">
<arg>${links}</arg>
<arg>${link}</arg>
<doc>Adds ``values`` to the end of ``list``.</doc>
<status status="PASS" starttime="20230615 08:41:30.491" endtime="20230615 08:41:30.491"/>
</kw>
<status status="PASS" starttime="20230615 08:41:30.484" endtime="20230615 08:41:30.491"/>
</iter>
<iter>
<var name="${element}">&lt;selenium.webdriver.remote.webelement.WebElement (session="3d8d667aaed77b2460b77bc08950f576", element="EA91D96374B8E78BEE51DF56D140A938_element_51")&gt;</var>
<kw name="Get Element Attribute" library="SeleniumLibrary">
<var>${link}</var>
<arg>${element}</arg>
<arg>innerHTML</arg>
<doc>Returns the value of ``attribute`` from the element ``locator``.</doc>
<msg timestamp="20230615 08:41:30.497" level="INFO">${link} = 31291D5F-F0A0-45EE-8197-2F9BF262E4A5.png</msg>
<status status="PASS" starttime="20230615 08:41:30.491" endtime="20230615 08:41:30.498"/>
</kw>
<kw name="Append To List" library="Collections">
<arg>${links}</arg>
<arg>${link}</arg>
<doc>Adds ``values`` to the end of ``list``.</doc>
<status status="PASS" starttime="20230615 08:41:30.498" endtime="20230615 08:41:30.498"/>
</kw>
<status status="PASS" starttime="20230615 08:41:30.491" endtime="20230615 08:41:30.498"/>
</iter>
<iter>
<var name="${element}">&lt;selenium.webdriver.remote.webelement.WebElement (session="3d8d667aaed77b2460b77bc08950f576", element="EA91D96374B8E78BEE51DF56D140A938_element_52")&gt;</var>
<kw name="Get Element Attribute" library="SeleniumLibrary">
<var>${link}</var>
<arg>${element}</arg>
<arg>innerHTML</arg>
<doc>Returns the value of ``attribute`` from the element ``locator``.</doc>
<msg timestamp="20230615 08:41:30.504" level="INFO">${link} = Madhuri Mishra_QA_7_Years_1.pdf.pdf</msg>
<status status="PASS" starttime="20230615 08:41:30.498" endtime="20230615 08:41:30.504"/>
</kw>
<kw name="Append To List" library="Collections">
<arg>${links}</arg>
<arg>${link}</arg>
<doc>Adds ``values`` to the end of ``list``.</doc>
<status status="PASS" starttime="20230615 08:41:30.504" endtime="20230615 08:41:30.504"/>
</kw>
<status status="PASS" starttime="20230615 08:41:30.498" endtime="20230615 08:41:30.504"/>
</iter>
<iter>
<var name="${element}">&lt;selenium.webdriver.remote.webelement.WebElement (session="3d8d667aaed77b2460b77bc08950f576", element="EA91D96374B8E78BEE51DF56D140A938_element_53")&gt;</var>
<kw name="Get Element Attribute" library="SeleniumLibrary">
<var>${link}</var>
<arg>${element}</arg>
<arg>innerHTML</arg>
<doc>Returns the value of ``attribute`` from the element ``locator``.</doc>
<msg timestamp="20230615 08:41:30.511" level="INFO">${link} = -main.jpg</msg>
<status status="PASS" starttime="20230615 08:41:30.504" endtime="20230615 08:41:30.511"/>
</kw>
<kw name="Append To List" library="Collections">
<arg>${links}</arg>
<arg>${link}</arg>
<doc>Adds ``values`` to the end of ``list``.</doc>
<status status="PASS" starttime="20230615 08:41:30.511" endtime="20230615 08:41:30.511"/>
</kw>
<status status="PASS" starttime="20230615 08:41:30.504" endtime="20230615 08:41:30.511"/>
</iter>
<iter>
<var name="${element}">&lt;selenium.webdriver.remote.webelement.WebElement (session="3d8d667aaed77b2460b77bc08950f576", element="EA91D96374B8E78BEE51DF56D140A938_element_54")&gt;</var>
<kw name="Get Element Attribute" library="SeleniumLibrary">
<var>${link}</var>
<arg>${element}</arg>
<arg>innerHTML</arg>
<doc>Returns the value of ``attribute`` from the element ``locator``.</doc>
<msg timestamp="20230615 08:41:30.518" level="INFO">${link} = logo.png</msg>
<status status="PASS" starttime="20230615 08:41:30.511" endtime="20230615 08:41:30.518"/>
</kw>
<kw name="Append To List" library="Collections">
<arg>${links}</arg>
<arg>${link}</arg>
<doc>Adds ``values`` to the end of ``list``.</doc>
<status status="PASS" starttime="20230615 08:41:30.518" endtime="20230615 08:41:30.518"/>
</kw>
<status status="PASS" starttime="20230615 08:41:30.511" endtime="20230615 08:41:30.518"/>
</iter>
<status status="PASS" starttime="20230615 08:41:30.139" endtime="20230615 08:41:30.518"/>
</for>
<msg timestamp="20230615 08:41:30.518" level="INFO">@{download_links} = [ Guide_exclusive.pdf | test.txt | pxfuel (4).jpg | text.txt | icon.png | some-file.txt | sample-zip-file.zip | person.png | Screenshot.jpg | Test 1.pdf | Text1.txt | java version.png | luminoslogo.pn...</msg>
<status status="PASS" starttime="20230615 08:41:30.126" endtime="20230615 08:41:30.518"/>
</kw>
<for flavor="IN">
<var>${link}</var>
<value>@{download_links}</value>
<iter>
<var name="${link}">Guide_exclusive.pdf</var>
<kw name="Download File" library="DownloadApp">
<arg>${link}</arg>
<kw name="Get File Name" library="DownloadApp">
<var>${file_name}</var>
<arg>${download_link}</arg>
<kw name="Fetch From Right" library="String">
<var>${file}</var>
<arg>${file_url}</arg>
<arg>/</arg>
<doc>Returns contents of the ``string`` after the last occurrence of ``marker``.</doc>
<msg timestamp="20230615 08:41:30.519" level="INFO">${file} = Guide_exclusive.pdf</msg>
<status status="PASS" starttime="20230615 08:41:30.519" endtime="20230615 08:41:30.519"/>
</kw>
<kw name="Replace String" library="String">
<var>${file_name}</var>
<arg>${file}</arg>
<arg>%20</arg>
<arg>${SPACE}</arg>
<doc>Replaces ``search_for`` in the given ``string`` with ``replace_with``.</doc>
<msg timestamp="20230615 08:41:30.519" level="INFO">${file_name} = Guide_exclusive.pdf</msg>
<status status="PASS" starttime="20230615 08:41:30.519" endtime="20230615 08:41:30.519"/>
</kw>
<msg timestamp="20230615 08:41:30.519" level="INFO">${file_name} = Guide_exclusive.pdf</msg>
<status status="PASS" starttime="20230615 08:41:30.518" endtime="20230615 08:41:30.519"/>
</kw>
<kw name="Click Link" library="SeleniumLibrary">
<arg>css=a[href='download/${filename}']</arg>
<doc>Clicks a link identified by ``locator``.</doc>
<msg timestamp="20230615 08:41:30.519" level="INFO">Clicking link 'css=a[href='download/Guide_exclusive.pdf']'.</msg>
<status status="PASS" starttime="20230615 08:41:30.519" endtime="20230615 08:41:30.664"/>
</kw>
<status status="PASS" starttime="20230615 08:41:30.518" endtime="20230615 08:41:30.664"/>
</kw>
<kw name="Get File Name" library="DownloadApp">
<var>${file_name}</var>
<arg>${link}</arg>
<kw name="Fetch From Right" library="String">
<var>${file}</var>
<arg>${file_url}</arg>
<arg>/</arg>
<doc>Returns contents of the ``string`` after the last occurrence of ``marker``.</doc>
<msg timestamp="20230615 08:41:30.665" level="INFO">${file} = Guide_exclusive.pdf</msg>
<status status="PASS" starttime="20230615 08:41:30.665" endtime="20230615 08:41:30.665"/>
</kw>
<kw name="Replace String" library="String">
<var>${file_name}</var>
<arg>${file}</arg>
<arg>%20</arg>
<arg>${SPACE}</arg>
<doc>Replaces ``search_for`` in the given ``string`` with ``replace_with``.</doc>
<msg timestamp="20230615 08:41:30.665" level="INFO">${file_name} = Guide_exclusive.pdf</msg>
<status status="PASS" starttime="20230615 08:41:30.665" endtime="20230615 08:41:30.665"/>
</kw>
<msg timestamp="20230615 08:41:30.665" level="INFO">${file_name} = Guide_exclusive.pdf</msg>
<status status="PASS" starttime="20230615 08:41:30.664" endtime="20230615 08:41:30.665"/>
</kw>
<kw name="Validate File Downloaded" library="DownloadApp">
<arg>${file_name}</arg>
<kw name="Get Local Download Directory" library="DownloadApp">
<var>${download_dir}</var>
<kw name="Get Environment Variable" library="OperatingSystem">
<var>${user_home}</var>
<arg>UserProfile</arg>
<doc>Returns the value of an environment variable with the given name.</doc>
<msg timestamp="20230615 08:41:30.667" level="INFO">${user_home} = C:\Users\jgzarate</msg>
<status status="PASS" starttime="20230615 08:41:30.666" endtime="20230615 08:41:30.667"/>
</kw>
<msg timestamp="20230615 08:41:30.667" level="INFO">${download_dir} = C:\Users\jgzarate\Downloads</msg>
<status status="PASS" starttime="20230615 08:41:30.666" endtime="20230615 08:41:30.667"/>
</kw>
<kw name="Set Variable" library="BuiltIn">
<var>${file_path}</var>
<arg>${download_dir}\\${file_name}</arg>
<doc>Returns the given values which can then be assigned to a variables.</doc>
<msg timestamp="20230615 08:41:30.668" level="INFO">${file_path} = C:\Users\jgzarate\Downloads\Guide_exclusive.pdf</msg>
<status status="PASS" starttime="20230615 08:41:30.667" endtime="20230615 08:41:30.668"/>
</kw>
<kw name="Wait Until Created" library="OperatingSystem">
<arg>${file_path}</arg>
<doc>Waits until the given file or directory is created.</doc>
<msg timestamp="20230615 08:41:32.279" level="INFO" html="true">'&lt;a href="file://C:\Users\jgzarate\Downloads\Guide_exclusive.pdf"&gt;C:\Users\jgzarate\Downloads\Guide_exclusive.pdf&lt;/a&gt;' was created.</msg>
<status status="PASS" starttime="20230615 08:41:30.668" endtime="20230615 08:41:32.279"/>
</kw>
<kw name="File Should Exist" library="OperatingSystem">
<arg>${file_path}</arg>
<doc>Fails unless the given ``path`` points to an existing file.</doc>
<msg timestamp="20230615 08:41:32.279" level="INFO" html="true">File '&lt;a href="file://C:\Users\jgzarate\Downloads\Guide_exclusive.pdf"&gt;C:\Users\jgzarate\Downloads\Guide_exclusive.pdf&lt;/a&gt;' exists.</msg>
<status status="PASS" starttime="20230615 08:41:32.279" endtime="20230615 08:41:32.279"/>
</kw>
<status status="PASS" starttime="20230615 08:41:30.665" endtime="20230615 08:41:32.279"/>
</kw>
<status status="PASS" starttime="20230615 08:41:30.518" endtime="20230615 08:41:32.279"/>
</iter>
<iter>
<var name="${link}">test.txt</var>
<kw name="Download File" library="DownloadApp">
<arg>${link}</arg>
<kw name="Get File Name" library="DownloadApp">
<var>${file_name}</var>
<arg>${download_link}</arg>
<kw name="Fetch From Right" library="String">
<var>${file}</var>
<arg>${file_url}</arg>
<arg>/</arg>
<doc>Returns contents of the ``string`` after the last occurrence of ``marker``.</doc>
<msg timestamp="20230615 08:41:32.280" level="INFO">${file} = test.txt</msg>
<status status="PASS" starttime="20230615 08:41:32.280" endtime="20230615 08:41:32.280"/>
</kw>
<kw name="Replace String" library="String">
<var>${file_name}</var>
<arg>${file}</arg>
<arg>%20</arg>
<arg>${SPACE}</arg>
<doc>Replaces ``search_for`` in the given ``string`` with ``replace_with``.</doc>
<msg timestamp="20230615 08:41:32.280" level="INFO">${file_name} = test.txt</msg>
<status status="PASS" starttime="20230615 08:41:32.280" endtime="20230615 08:41:32.280"/>
</kw>
<msg timestamp="20230615 08:41:32.280" level="INFO">${file_name} = test.txt</msg>
<status status="PASS" starttime="20230615 08:41:32.280" endtime="20230615 08:41:32.280"/>
</kw>
<kw name="Click Link" library="SeleniumLibrary">
<arg>css=a[href='download/${filename}']</arg>
<doc>Clicks a link identified by ``locator``.</doc>
<msg timestamp="20230615 08:41:32.281" level="INFO">Clicking link 'css=a[href='download/test.txt']'.</msg>
<status status="PASS" starttime="20230615 08:41:32.280" endtime="20230615 08:41:32.419"/>
</kw>
<status status="PASS" starttime="20230615 08:41:32.279" endtime="20230615 08:41:32.419"/>
</kw>
<kw name="Get File Name" library="DownloadApp">
<var>${file_name}</var>
<arg>${link}</arg>
<kw name="Fetch From Right" library="String">
<var>${file}</var>
<arg>${file_url}</arg>
<arg>/</arg>
<doc>Returns contents of the ``string`` after the last occurrence of ``marker``.</doc>
<msg timestamp="20230615 08:41:32.419" level="INFO">${file} = test.txt</msg>
<status status="PASS" starttime="20230615 08:41:32.419" endtime="20230615 08:41:32.419"/>
</kw>
<kw name="Replace String" library="String">
<var>${file_name}</var>
<arg>${file}</arg>
<arg>%20</arg>
<arg>${SPACE}</arg>
<doc>Replaces ``search_for`` in the given ``string`` with ``replace_with``.</doc>
<msg timestamp="20230615 08:41:32.419" level="INFO">${file_name} = test.txt</msg>
<status status="PASS" starttime="20230615 08:41:32.419" endtime="20230615 08:41:32.419"/>
</kw>
<msg timestamp="20230615 08:41:32.419" level="INFO">${file_name} = test.txt</msg>
<status status="PASS" starttime="20230615 08:41:32.419" endtime="20230615 08:41:32.419"/>
</kw>
<kw name="Validate File Downloaded" library="DownloadApp">
<arg>${file_name}</arg>
<kw name="Get Local Download Directory" library="DownloadApp">
<var>${download_dir}</var>
<kw name="Get Environment Variable" library="OperatingSystem">
<var>${user_home}</var>
<arg>UserProfile</arg>
<doc>Returns the value of an environment variable with the given name.</doc>
<msg timestamp="20230615 08:41:32.419" level="INFO">${user_home} = C:\Users\jgzarate</msg>
<status status="PASS" starttime="20230615 08:41:32.419" endtime="20230615 08:41:32.419"/>
</kw>
<msg timestamp="20230615 08:41:32.419" level="INFO">${download_dir} = C:\Users\jgzarate\Downloads</msg>
<status status="PASS" starttime="20230615 08:41:32.419" endtime="20230615 08:41:32.419"/>
</kw>
<kw name="Set Variable" library="BuiltIn">
<var>${file_path}</var>
<arg>${download_dir}\\${file_name}</arg>
<doc>Returns the given values which can then be assigned to a variables.</doc>
<msg timestamp="20230615 08:41:32.420" level="INFO">${file_path} = C:\Users\jgzarate\Downloads\test.txt</msg>
<status status="PASS" starttime="20230615 08:41:32.420" endtime="20230615 08:41:32.420"/>
</kw>
<kw name="Wait Until Created" library="OperatingSystem">
<arg>${file_path}</arg>
<doc>Waits until the given file or directory is created.</doc>
<msg timestamp="20230615 08:41:32.522" level="INFO" html="true">'&lt;a href="file://C:\Users\jgzarate\Downloads\test.txt"&gt;C:\Users\jgzarate\Downloads\test.txt&lt;/a&gt;' was created.</msg>
<status status="PASS" starttime="20230615 08:41:32.420" endtime="20230615 08:41:32.522"/>
</kw>
<kw name="File Should Exist" library="OperatingSystem">
<arg>${file_path}</arg>
<doc>Fails unless the given ``path`` points to an existing file.</doc>
<msg timestamp="20230615 08:41:32.522" level="INFO" html="true">File '&lt;a href="file://C:\Users\jgzarate\Downloads\test.txt"&gt;C:\Users\jgzarate\Downloads\test.txt&lt;/a&gt;' exists.</msg>
<status status="PASS" starttime="20230615 08:41:32.522" endtime="20230615 08:41:32.522"/>
</kw>
<status status="PASS" starttime="20230615 08:41:32.419" endtime="20230615 08:41:32.522"/>
</kw>
<status status="PASS" starttime="20230615 08:41:32.279" endtime="20230615 08:41:32.522"/>
</iter>
<iter>
<var name="${link}">pxfuel (4).jpg</var>
<kw name="Download File" library="DownloadApp">
<arg>${link}</arg>
<kw name="Get File Name" library="DownloadApp">
<var>${file_name}</var>
<arg>${download_link}</arg>
<kw name="Fetch From Right" library="String">
<var>${file}</var>
<arg>${file_url}</arg>
<arg>/</arg>
<doc>Returns contents of the ``string`` after the last occurrence of ``marker``.</doc>
<msg timestamp="20230615 08:41:32.523" level="INFO">${file} = pxfuel (4).jpg</msg>
<status status="PASS" starttime="20230615 08:41:32.523" endtime="20230615 08:41:32.523"/>
</kw>
<kw name="Replace String" library="String">
<var>${file_name}</var>
<arg>${file}</arg>
<arg>%20</arg>
<arg>${SPACE}</arg>
<doc>Replaces ``search_for`` in the given ``string`` with ``replace_with``.</doc>
<msg timestamp="20230615 08:41:32.523" level="INFO">${file_name} = pxfuel (4).jpg</msg>
<status status="PASS" starttime="20230615 08:41:32.523" endtime="20230615 08:41:32.523"/>
</kw>
<msg timestamp="20230615 08:41:32.524" level="INFO">${file_name} = pxfuel (4).jpg</msg>
<status status="PASS" starttime="20230615 08:41:32.523" endtime="20230615 08:41:32.524"/>
</kw>
<kw name="Click Link" library="SeleniumLibrary">
<arg>css=a[href='download/${filename}']</arg>
<doc>Clicks a link identified by ``locator``.</doc>
<msg timestamp="20230615 08:41:32.524" level="INFO">Clicking link 'css=a[href='download/pxfuel (4).jpg']'.</msg>
<status status="PASS" starttime="20230615 08:41:32.524" endtime="20230615 08:41:32.668"/>
</kw>
<status status="PASS" starttime="20230615 08:41:32.522" endtime="20230615 08:41:32.668"/>
</kw>
<kw name="Get File Name" library="DownloadApp">
<var>${file_name}</var>
<arg>${link}</arg>
<kw name="Fetch From Right" library="String">
<var>${file}</var>
<arg>${file_url}</arg>
<arg>/</arg>
<doc>Returns contents of the ``string`` after the last occurrence of ``marker``.</doc>
<msg timestamp="20230615 08:41:32.669" level="INFO">${file} = pxfuel (4).jpg</msg>
<status status="PASS" starttime="20230615 08:41:32.668" endtime="20230615 08:41:32.669"/>
</kw>
<kw name="Replace String" library="String">
<var>${file_name}</var>
<arg>${file}</arg>
<arg>%20</arg>
<arg>${SPACE}</arg>
<doc>Replaces ``search_for`` in the given ``string`` with ``replace_with``.</doc>
<msg timestamp="20230615 08:41:32.669" level="INFO">${file_name} = pxfuel (4).jpg</msg>
<status status="PASS" starttime="20230615 08:41:32.669" endtime="20230615 08:41:32.669"/>
</kw>
<msg timestamp="20230615 08:41:32.670" level="INFO">${file_name} = pxfuel (4).jpg</msg>
<status status="PASS" starttime="20230615 08:41:32.668" endtime="20230615 08:41:32.670"/>
</kw>
<kw name="Validate File Downloaded" library="DownloadApp">
<arg>${file_name}</arg>
<kw name="Get Local Download Directory" library="DownloadApp">
<var>${download_dir}</var>
<kw name="Get Environment Variable" library="OperatingSystem">
<var>${user_home}</var>
<arg>UserProfile</arg>
<doc>Returns the value of an environment variable with the given name.</doc>
<msg timestamp="20230615 08:41:32.671" level="INFO">${user_home} = C:\Users\jgzarate</msg>
<status status="PASS" starttime="20230615 08:41:32.670" endtime="20230615 08:41:32.671"/>
</kw>
<msg timestamp="20230615 08:41:32.671" level="INFO">${download_dir} = C:\Users\jgzarate\Downloads</msg>
<status status="PASS" starttime="20230615 08:41:32.670" endtime="20230615 08:41:32.671"/>
</kw>
<kw name="Set Variable" library="BuiltIn">
<var>${file_path}</var>
<arg>${download_dir}\\${file_name}</arg>
<doc>Returns the given values which can then be assigned to a variables.</doc>
<msg timestamp="20230615 08:41:32.671" level="INFO">${file_path} = C:\Users\jgzarate\Downloads\pxfuel (4).jpg</msg>
<status status="PASS" starttime="20230615 08:41:32.671" endtime="20230615 08:41:32.671"/>
</kw>
<kw name="Wait Until Created" library="OperatingSystem">
<arg>${file_path}</arg>
<doc>Waits until the given file or directory is created.</doc>
<msg timestamp="20230615 08:41:32.874" level="INFO" html="true">'&lt;a href="file://C:\Users\jgzarate\Downloads\pxfuel (4).jpg"&gt;C:\Users\jgzarate\Downloads\pxfuel (4).jpg&lt;/a&gt;' was created.</msg>
<status status="PASS" starttime="20230615 08:41:32.671" endtime="20230615 08:41:32.874"/>
</kw>
<kw name="File Should Exist" library="OperatingSystem">
<arg>${file_path}</arg>
<doc>Fails unless the given ``path`` points to an existing file.</doc>
<msg timestamp="20230615 08:41:32.874" level="INFO" html="true">File '&lt;a href="file://C:\Users\jgzarate\Downloads\pxfuel (4).jpg"&gt;C:\Users\jgzarate\Downloads\pxfuel (4).jpg&lt;/a&gt;' exists.</msg>
<status status="PASS" starttime="20230615 08:41:32.874" endtime="20230615 08:41:32.875"/>
</kw>
<status status="PASS" starttime="20230615 08:41:32.670" endtime="20230615 08:41:32.875"/>
</kw>
<status status="PASS" starttime="20230615 08:41:32.522" endtime="20230615 08:41:32.875"/>
</iter>
<iter>
<var name="${link}">text.txt</var>
<kw name="Download File" library="DownloadApp">
<arg>${link}</arg>
<kw name="Get File Name" library="DownloadApp">
<var>${file_name}</var>
<arg>${download_link}</arg>
<kw name="Fetch From Right" library="String">
<var>${file}</var>
<arg>${file_url}</arg>
<arg>/</arg>
<doc>Returns contents of the ``string`` after the last occurrence of ``marker``.</doc>
<msg timestamp="20230615 08:41:32.876" level="INFO">${file} = text.txt</msg>
<status status="PASS" starttime="20230615 08:41:32.876" endtime="20230615 08:41:32.876"/>
</kw>
<kw name="Replace String" library="String">
<var>${file_name}</var>
<arg>${file}</arg>
<arg>%20</arg>
<arg>${SPACE}</arg>
<doc>Replaces ``search_for`` in the given ``string`` with ``replace_with``.</doc>
<msg timestamp="20230615 08:41:32.876" level="INFO">${file_name} = text.txt</msg>
<status status="PASS" starttime="20230615 08:41:32.876" endtime="20230615 08:41:32.876"/>
</kw>
<msg timestamp="20230615 08:41:32.877" level="INFO">${file_name} = text.txt</msg>
<status status="PASS" starttime="20230615 08:41:32.875" endtime="20230615 08:41:32.877"/>
</kw>
<kw name="Click Link" library="SeleniumLibrary">
<arg>css=a[href='download/${filename}']</arg>
<doc>Clicks a link identified by ``locator``.</doc>
<msg timestamp="20230615 08:41:32.877" level="INFO">Clicking link 'css=a[href='download/text.txt']'.</msg>
<status status="PASS" starttime="20230615 08:41:32.877" endtime="20230615 08:41:33.019"/>
</kw>
<status status="PASS" starttime="20230615 08:41:32.875" endtime="20230615 08:41:33.019"/>
</kw>
<kw name="Get File Name" library="DownloadApp">
<var>${file_name}</var>
<arg>${link}</arg>
<kw name="Fetch From Right" library="String">
<var>${file}</var>
<arg>${file_url}</arg>
<arg>/</arg>
<doc>Returns contents of the ``string`` after the last occurrence of ``marker``.</doc>
<msg timestamp="20230615 08:41:33.020" level="INFO">${file} = text.txt</msg>
<status status="PASS" starttime="20230615 08:41:33.019" endtime="20230615 08:41:33.020"/>
</kw>
<kw name="Replace String" library="String">
<var>${file_name}</var>
<arg>${file}</arg>
<arg>%20</arg>
<arg>${SPACE}</arg>
<doc>Replaces ``search_for`` in the given ``string`` with ``replace_with``.</doc>
<msg timestamp="20230615 08:41:33.020" level="INFO">${file_name} = text.txt</msg>
<status status="PASS" starttime="20230615 08:41:33.020" endtime="20230615 08:41:33.020"/>
</kw>
<msg timestamp="20230615 08:41:33.020" level="INFO">${file_name} = text.txt</msg>
<status status="PASS" starttime="20230615 08:41:33.019" endtime="20230615 08:41:33.020"/>
</kw>
<kw name="Validate File Downloaded" library="DownloadApp">
<arg>${file_name}</arg>
<kw name="Get Local Download Directory" library="DownloadApp">
<var>${download_dir}</var>
<kw name="Get Environment Variable" library="OperatingSystem">
<var>${user_home}</var>
<arg>UserProfile</arg>
<doc>Returns the value of an environment variable with the given name.</doc>
<msg timestamp="20230615 08:41:33.021" level="INFO">${user_home} = C:\Users\jgzarate</msg>
<status status="PASS" starttime="20230615 08:41:33.021" endtime="20230615 08:41:33.021"/>
</kw>
<msg timestamp="20230615 08:41:33.021" level="INFO">${download_dir} = C:\Users\jgzarate\Downloads</msg>
<status status="PASS" starttime="20230615 08:41:33.020" endtime="20230615 08:41:33.021"/>
</kw>
<kw name="Set Variable" library="BuiltIn">
<var>${file_path}</var>
<arg>${download_dir}\\${file_name}</arg>
<doc>Returns the given values which can then be assigned to a variables.</doc>
<msg timestamp="20230615 08:41:33.021" level="INFO">${file_path} = C:\Users\jgzarate\Downloads\text.txt</msg>
<status status="PASS" starttime="20230615 08:41:33.021" endtime="20230615 08:41:33.021"/>
</kw>
<kw name="Wait Until Created" library="OperatingSystem">
<arg>${file_path}</arg>
<doc>Waits until the given file or directory is created.</doc>
<msg timestamp="20230615 08:41:33.123" level="INFO" html="true">'&lt;a href="file://C:\Users\jgzarate\Downloads\text.txt"&gt;C:\Users\jgzarate\Downloads\text.txt&lt;/a&gt;' was created.</msg>
<status status="PASS" starttime="20230615 08:41:33.021" endtime="20230615 08:41:33.123"/>
</kw>
<kw name="File Should Exist" library="OperatingSystem">
<arg>${file_path}</arg>
<doc>Fails unless the given ``path`` points to an existing file.</doc>
<msg timestamp="20230615 08:41:33.123" level="INFO" html="true">File '&lt;a href="file://C:\Users\jgzarate\Downloads\text.txt"&gt;C:\Users\jgzarate\Downloads\text.txt&lt;/a&gt;' exists.</msg>
<status status="PASS" starttime="20230615 08:41:33.123" endtime="20230615 08:41:33.123"/>
</kw>
<status status="PASS" starttime="20230615 08:41:33.020" endtime="20230615 08:41:33.123"/>
</kw>
<status status="PASS" starttime="20230615 08:41:32.875" endtime="20230615 08:41:33.123"/>
</iter>
<iter>
<var name="${link}">icon.png</var>
<kw name="Download File" library="DownloadApp">
<arg>${link}</arg>
<kw name="Get File Name" library="DownloadApp">
<var>${file_name}</var>
<arg>${download_link}</arg>
<kw name="Fetch From Right" library="String">
<var>${file}</var>
<arg>${file_url}</arg>
<arg>/</arg>
<doc>Returns contents of the ``string`` after the last occurrence of ``marker``.</doc>
<msg timestamp="20230615 08:41:33.124" level="INFO">${file} = icon.png</msg>
<status status="PASS" starttime="20230615 08:41:33.124" endtime="20230615 08:41:33.124"/>
</kw>
<kw name="Replace String" library="String">
<var>${file_name}</var>
<arg>${file}</arg>
<arg>%20</arg>
<arg>${SPACE}</arg>
<doc>Replaces ``search_for`` in the given ``string`` with ``replace_with``.</doc>
<msg timestamp="20230615 08:41:33.124" level="INFO">${file_name} = icon.png</msg>
<status status="PASS" starttime="20230615 08:41:33.124" endtime="20230615 08:41:33.124"/>
</kw>
<msg timestamp="20230615 08:41:33.124" level="INFO">${file_name} = icon.png</msg>
<status status="PASS" starttime="20230615 08:41:33.124" endtime="20230615 08:41:33.124"/>
</kw>
<kw name="Click Link" library="SeleniumLibrary">
<arg>css=a[href='download/${filename}']</arg>
<doc>Clicks a link identified by ``locator``.</doc>
<msg timestamp="20230615 08:41:33.125" level="INFO">Clicking link 'css=a[href='download/icon.png']'.</msg>
<status status="PASS" starttime="20230615 08:41:33.124" endtime="20230615 08:41:33.261"/>
</kw>
<status status="PASS" starttime="20230615 08:41:33.123" endtime="20230615 08:41:33.261"/>
</kw>
<kw name="Get File Name" library="DownloadApp">
<var>${file_name}</var>
<arg>${link}</arg>
<kw name="Fetch From Right" library="String">
<var>${file}</var>
<arg>${file_url}</arg>
<arg>/</arg>
<doc>Returns contents of the ``string`` after the last occurrence of ``marker``.</doc>
<msg timestamp="20230615 08:41:33.262" level="INFO">${file} = icon.png</msg>
<status status="PASS" starttime="20230615 08:41:33.261" endtime="20230615 08:41:33.262"/>
</kw>
<kw name="Replace String" library="String">
<var>${file_name}</var>
<arg>${file}</arg>
<arg>%20</arg>
<arg>${SPACE}</arg>
<doc>Replaces ``search_for`` in the given ``string`` with ``replace_with``.</doc>
<msg timestamp="20230615 08:41:33.262" level="INFO">${file_name} = icon.png</msg>
<status status="PASS" starttime="20230615 08:41:33.262" endtime="20230615 08:41:33.262"/>
</kw>
<msg timestamp="20230615 08:41:33.262" level="INFO">${file_name} = icon.png</msg>
<status status="PASS" starttime="20230615 08:41:33.261" endtime="20230615 08:41:33.262"/>
</kw>
<kw name="Validate File Downloaded" library="DownloadApp">
<arg>${file_name}</arg>
<kw name="Get Local Download Directory" library="DownloadApp">
<var>${download_dir}</var>
<kw name="Get Environment Variable" library="OperatingSystem">
<var>${user_home}</var>
<arg>UserProfile</arg>
<doc>Returns the value of an environment variable with the given name.</doc>
<msg timestamp="20230615 08:41:33.263" level="INFO">${user_home} = C:\Users\jgzarate</msg>
<status status="PASS" starttime="20230615 08:41:33.262" endtime="20230615 08:41:33.263"/>
</kw>
<msg timestamp="20230615 08:41:33.263" level="INFO">${download_dir} = C:\Users\jgzarate\Downloads</msg>
<status status="PASS" starttime="20230615 08:41:33.262" endtime="20230615 08:41:33.263"/>
</kw>
<kw name="Set Variable" library="BuiltIn">
<var>${file_path}</var>
<arg>${download_dir}\\${file_name}</arg>
<doc>Returns the given values which can then be assigned to a variables.</doc>
<msg timestamp="20230615 08:41:33.263" level="INFO">${file_path} = C:\Users\jgzarate\Downloads\icon.png</msg>
<status status="PASS" starttime="20230615 08:41:33.263" endtime="20230615 08:41:33.263"/>
</kw>
<kw name="Wait Until Created" library="OperatingSystem">
<arg>${file_path}</arg>
<doc>Waits until the given file or directory is created.</doc>
<msg timestamp="20230615 08:41:33.364" level="INFO" html="true">'&lt;a href="file://C:\Users\jgzarate\Downloads\icon.png"&gt;C:\Users\jgzarate\Downloads\icon.png&lt;/a&gt;' was created.</msg>
<status status="PASS" starttime="20230615 08:41:33.263" endtime="20230615 08:41:33.364"/>
</kw>
<kw name="File Should Exist" library="OperatingSystem">
<arg>${file_path}</arg>
<doc>Fails unless the given ``path`` points to an existing file.</doc>
<msg timestamp="20230615 08:41:33.364" level="INFO" html="true">File '&lt;a href="file://C:\Users\jgzarate\Downloads\icon.png"&gt;C:\Users\jgzarate\Downloads\icon.png&lt;/a&gt;' exists.</msg>
<status status="PASS" starttime="20230615 08:41:33.364" endtime="20230615 08:41:33.364"/>
</kw>
<status status="PASS" starttime="20230615 08:41:33.262" endtime="20230615 08:41:33.364"/>
</kw>
<status status="PASS" starttime="20230615 08:41:33.123" endtime="20230615 08:41:33.364"/>
</iter>
<iter>
<var name="${link}">some-file.txt</var>
<kw name="Download File" library="DownloadApp">
<arg>${link}</arg>
<kw name="Get File Name" library="DownloadApp">
<var>${file_name}</var>
<arg>${download_link}</arg>
<kw name="Fetch From Right" library="String">
<var>${file}</var>
<arg>${file_url}</arg>
<arg>/</arg>
<doc>Returns contents of the ``string`` after the last occurrence of ``marker``.</doc>
<msg timestamp="20230615 08:41:33.365" level="INFO">${file} = some-file.txt</msg>
<status status="PASS" starttime="20230615 08:41:33.365" endtime="20230615 08:41:33.365"/>
</kw>
<kw name="Replace String" library="String">
<var>${file_name}</var>
<arg>${file}</arg>
<arg>%20</arg>
<arg>${SPACE}</arg>
<doc>Replaces ``search_for`` in the given ``string`` with ``replace_with``.</doc>
<msg timestamp="20230615 08:41:33.366" level="INFO">${file_name} = some-file.txt</msg>
<status status="PASS" starttime="20230615 08:41:33.365" endtime="20230615 08:41:33.366"/>
</kw>
<msg timestamp="20230615 08:41:33.366" level="INFO">${file_name} = some-file.txt</msg>
<status status="PASS" starttime="20230615 08:41:33.365" endtime="20230615 08:41:33.366"/>
</kw>
<kw name="Click Link" library="SeleniumLibrary">
<arg>css=a[href='download/${filename}']</arg>
<doc>Clicks a link identified by ``locator``.</doc>
<msg timestamp="20230615 08:41:33.366" level="INFO">Clicking link 'css=a[href='download/some-file.txt']'.</msg>
<status status="PASS" starttime="20230615 08:41:33.366" endtime="20230615 08:41:33.514"/>
</kw>
<status status="PASS" starttime="20230615 08:41:33.365" endtime="20230615 08:41:33.514"/>
</kw>
<kw name="Get File Name" library="DownloadApp">
<var>${file_name}</var>
<arg>${link}</arg>
<kw name="Fetch From Right" library="String">
<var>${file}</var>
<arg>${file_url}</arg>
<arg>/</arg>
<doc>Returns contents of the ``string`` after the last occurrence of ``marker``.</doc>
<msg timestamp="20230615 08:41:33.515" level="INFO">${file} = some-file.txt</msg>
<status status="PASS" starttime="20230615 08:41:33.515" endtime="20230615 08:41:33.515"/>
</kw>
<kw name="Replace String" library="String">
<var>${file_name}</var>
<arg>${file}</arg>
<arg>%20</arg>
<arg>${SPACE}</arg>
<doc>Replaces ``search_for`` in the given ``string`` with ``replace_with``.</doc>
<msg timestamp="20230615 08:41:33.515" level="INFO">${file_name} = some-file.txt</msg>
<status status="PASS" starttime="20230615 08:41:33.515" endtime="20230615 08:41:33.515"/>
</kw>
<msg timestamp="20230615 08:41:33.515" level="INFO">${file_name} = some-file.txt</msg>
<status status="PASS" starttime="20230615 08:41:33.515" endtime="20230615 08:41:33.515"/>
</kw>
<kw name="Validate File Downloaded" library="DownloadApp">
<arg>${file_name}</arg>
<kw name="Get Local Download Directory" library="DownloadApp">
<var>${download_dir}</var>
<kw name="Get Environment Variable" library="OperatingSystem">
<var>${user_home}</var>
<arg>UserProfile</arg>
<doc>Returns the value of an environment variable with the given name.</doc>
<msg timestamp="20230615 08:41:33.516" level="INFO">${user_home} = C:\Users\jgzarate</msg>
<status status="PASS" starttime="20230615 08:41:33.516" endtime="20230615 08:41:33.516"/>
</kw>
<msg timestamp="20230615 08:41:33.516" level="INFO">${download_dir} = C:\Users\jgzarate\Downloads</msg>
<status status="PASS" starttime="20230615 08:41:33.516" endtime="20230615 08:41:33.516"/>
</kw>
<kw name="Set Variable" library="BuiltIn">
<var>${file_path}</var>
<arg>${download_dir}\\${file_name}</arg>
<doc>Returns the given values which can then be assigned to a variables.</doc>
<msg timestamp="20230615 08:41:33.516" level="INFO">${file_path} = C:\Users\jgzarate\Downloads\some-file.txt</msg>
<status status="PASS" starttime="20230615 08:41:33.516" endtime="20230615 08:41:33.516"/>
</kw>
<kw name="Wait Until Created" library="OperatingSystem">
<arg>${file_path}</arg>
<doc>Waits until the given file or directory is created.</doc>
<msg timestamp="20230615 08:41:33.617" level="INFO" html="true">'&lt;a href="file://C:\Users\jgzarate\Downloads\some-file.txt"&gt;C:\Users\jgzarate\Downloads\some-file.txt&lt;/a&gt;' was created.</msg>
<status status="PASS" starttime="20230615 08:41:33.516" endtime="20230615 08:41:33.617"/>
</kw>
<kw name="File Should Exist" library="OperatingSystem">
<arg>${file_path}</arg>
<doc>Fails unless the given ``path`` points to an existing file.</doc>
<msg timestamp="20230615 08:41:33.617" level="INFO" html="true">File '&lt;a href="file://C:\Users\jgzarate\Downloads\some-file.txt"&gt;C:\Users\jgzarate\Downloads\some-file.txt&lt;/a&gt;' exists.</msg>
<status status="PASS" starttime="20230615 08:41:33.617" endtime="20230615 08:41:33.617"/>
</kw>
<status status="PASS" starttime="20230615 08:41:33.515" endtime="20230615 08:41:33.618"/>
</kw>
<status status="PASS" starttime="20230615 08:41:33.365" endtime="20230615 08:41:33.618"/>
</iter>
<iter>
<var name="${link}">sample-zip-file.zip</var>
<kw name="Download File" library="DownloadApp">
<arg>${link}</arg>
<kw name="Get File Name" library="DownloadApp">
<var>${file_name}</var>
<arg>${download_link}</arg>
<kw name="Fetch From Right" library="String">
<var>${file}</var>
<arg>${file_url}</arg>
<arg>/</arg>
[...]
<status status="PASS" starttime="20230615 08:41:57.530" endtime="20230615 08:41:57.530"/>
</kw>
<kw name="Click Link" library="SeleniumLibrary">
<arg>css=a[href='download/${filename}']</arg>
<doc>Clicks a link identified by ``locator``.</doc>
<msg timestamp="20230615 08:41:57.531" level="INFO">Clicking link 'css=a[href='download/31291D5F-F0A0-45EE-8197-2F9BF262E4A5.png']'.</msg>
<status status="PASS" starttime="20230615 08:41:57.530" endtime="20230615 08:41:57.678"/>
</kw>
<status status="PASS" starttime="20230615 08:41:57.530" endtime="20230615 08:41:57.678"/>
</kw>
<kw name="Get File Name" library="DownloadApp">
<var>${file_name}</var>
<arg>${link}</arg>
<kw name="Fetch From Right" library="String">
<var>${file}</var>
<arg>${file_url}</arg>
<arg>/</arg>
<doc>Returns contents of the ``string`` after the last occurrence of ``marker``.</doc>
<msg timestamp="20230615 08:41:57.678" level="INFO">${file} = 31291D5F-F0A0-45EE-8197-2F9BF262E4A5.png</msg>
<status status="PASS" starttime="20230615 08:41:57.678" endtime="20230615 08:41:57.678"/>
</kw>
<kw name="Replace String" library="String">
<var>${file_name}</var>
<arg>${file}</arg>
<arg>%20</arg>
<arg>${SPACE}</arg>
<doc>Replaces ``search_for`` in the given ``string`` with ``replace_with``.</doc>
<msg timestamp="20230615 08:41:57.679" level="INFO">${file_name} = 31291D5F-F0A0-45EE-8197-2F9BF262E4A5.png</msg>
<status status="PASS" starttime="20230615 08:41:57.678" endtime="20230615 08:41:57.679"/>
</kw>
<msg timestamp="20230615 08:41:57.679" level="INFO">${file_name} = 31291D5F-F0A0-45EE-8197-2F9BF262E4A5.png</msg>
<status status="PASS" starttime="20230615 08:41:57.678" endtime="20230615 08:41:57.679"/>
</kw>
<kw name="Validate File Downloaded" library="DownloadApp">
<arg>${file_name}</arg>
<kw name="Get Local Download Directory" library="DownloadApp">
<var>${download_dir}</var>
<kw name="Get Environment Variable" library="OperatingSystem">
<var>${user_home}</var>
<arg>UserProfile</arg>
<doc>Returns the value of an environment variable with the given name.</doc>
<msg timestamp="20230615 08:41:57.679" level="INFO">${user_home} = C:\Users\jgzarate</msg>
<status status="PASS" starttime="20230615 08:41:57.679" endtime="20230615 08:41:57.679"/>
</kw>
<msg timestamp="20230615 08:41:57.679" level="INFO">${download_dir} = C:\Users\jgzarate\Downloads</msg>
<status status="PASS" starttime="20230615 08:41:57.679" endtime="20230615 08:41:57.679"/>
</kw>
<kw name="Set Variable" library="BuiltIn">
<var>${file_path}</var>
<arg>${download_dir}\\${file_name}</arg>
<doc>Returns the given values which can then be assigned to a variables.</doc>
<msg timestamp="20230615 08:41:57.680" level="INFO">${file_path} = C:\Users\jgzarate\Downloads\31291D5F-F0A0-45EE-8197-2F9BF262E4A5.png</msg>
<status status="PASS" starttime="20230615 08:41:57.679" endtime="20230615 08:41:57.680"/>
</kw>
<kw name="Wait Until Created" library="OperatingSystem">
<arg>${file_path}</arg>
<doc>Waits until the given file or directory is created.</doc>
<msg timestamp="20230615 08:41:57.781" level="INFO" html="true">'&lt;a href="file://C:\Users\jgzarate\Downloads\31291D5F-F0A0-45EE-8197-2F9BF262E4A5.png"&gt;C:\Users\jgzarate\Downloads\31291D5F-F0A0-45EE-8197-2F9BF262E4A5.png&lt;/a&gt;' was created.</msg>
<status status="PASS" starttime="20230615 08:41:57.680" endtime="20230615 08:41:57.781"/>
</kw>
<kw name="File Should Exist" library="OperatingSystem">
<arg>${file_path}</arg>
<doc>Fails unless the given ``path`` points to an existing file.</doc>
<msg timestamp="20230615 08:41:57.781" level="INFO" html="true">File '&lt;a href="file://C:\Users\jgzarate\Downloads\31291D5F-F0A0-45EE-8197-2F9BF262E4A5.png"&gt;C:\Users\jgzarate\Downloads\31291D5F-F0A0-45EE-8197-2F9BF262E4A5.png&lt;/a&gt;' exists.</msg>
<status status="PASS" starttime="20230615 08:41:57.781" endtime="20230615 08:41:57.781"/>
</kw>
<status status="PASS" starttime="20230615 08:41:57.679" endtime="20230615 08:41:57.781"/>
</kw>
<status status="PASS" starttime="20230615 08:41:57.529" endtime="20230615 08:41:57.781"/>
</iter>
<iter>
<var name="${link}">Madhuri Mishra_QA_7_Years_1.pdf.pdf</var>
<kw name="Download File" library="DownloadApp">
<arg>${link}</arg>
<kw name="Get File Name" library="DownloadApp">
<var>${file_name}</var>
<arg>${download_link}</arg>
<kw name="Fetch From Right" library="String">
<var>${file}</var>
<arg>${file_url}</arg>
<arg>/</arg>
<doc>Returns contents of the ``string`` after the last occurrence of ``marker``.</doc>
<msg timestamp="20230615 08:41:57.782" level="INFO">${file} = Madhuri Mishra_QA_7_Years_1.pdf.pdf</msg>
<status status="PASS" starttime="20230615 08:41:57.782" endtime="20230615 08:41:57.782"/>
</kw>
<kw name="Replace String" library="String">
<var>${file_name}</var>
<arg>${file}</arg>
<arg>%20</arg>
<arg>${SPACE}</arg>
<doc>Replaces ``search_for`` in the given ``string`` with ``replace_with``.</doc>
<msg timestamp="20230615 08:41:57.783" level="INFO">${file_name} = Madhuri Mishra_QA_7_Years_1.pdf.pdf</msg>
<status status="PASS" starttime="20230615 08:41:57.782" endtime="20230615 08:41:57.783"/>
</kw>
<msg timestamp="20230615 08:41:57.783" level="INFO">${file_name} = Madhuri Mishra_QA_7_Years_1.pdf.pdf</msg>
<status status="PASS" starttime="20230615 08:41:57.782" endtime="20230615 08:41:57.783"/>
</kw>
<kw name="Click Link" library="SeleniumLibrary">
<arg>css=a[href='download/${filename}']</arg>
<doc>Clicks a link identified by ``locator``.</doc>
<msg timestamp="20230615 08:41:57.783" level="INFO">Clicking link 'css=a[href='download/Madhuri Mishra_QA_7_Years_1.pdf.pdf']'.</msg>
<status status="PASS" starttime="20230615 08:41:57.783" endtime="20230615 08:41:57.922"/>
</kw>
<status status="PASS" starttime="20230615 08:41:57.782" endtime="20230615 08:41:57.922"/>
</kw>
<kw name="Get File Name" library="DownloadApp">
<var>${file_name}</var>
<arg>${link}</arg>
<kw name="Fetch From Right" library="String">
<var>${file}</var>
<arg>${file_url}</arg>
<arg>/</arg>
<doc>Returns contents of the ``string`` after the last occurrence of ``marker``.</doc>
<msg timestamp="20230615 08:41:57.923" level="INFO">${file} = Madhuri Mishra_QA_7_Years_1.pdf.pdf</msg>
<status status="PASS" starttime="20230615 08:41:57.922" endtime="20230615 08:41:57.923"/>
</kw>
<kw name="Replace String" library="String">
<var>${file_name}</var>
<arg>${file}</arg>
<arg>%20</arg>
<arg>${SPACE}</arg>
<doc>Replaces ``search_for`` in the given ``string`` with ``replace_with``.</doc>
<msg timestamp="20230615 08:41:57.923" level="INFO">${file_name} = Madhuri Mishra_QA_7_Years_1.pdf.pdf</msg>
<status status="PASS" starttime="20230615 08:41:57.923" endtime="20230615 08:41:57.923"/>
</kw>
<msg timestamp="20230615 08:41:57.923" level="INFO">${file_name} = Madhuri Mishra_QA_7_Years_1.pdf.pdf</msg>
<status status="PASS" starttime="20230615 08:41:57.922" endtime="20230615 08:41:57.923"/>
</kw>
<kw name="Validate File Downloaded" library="DownloadApp">
<arg>${file_name}</arg>
<kw name="Get Local Download Directory" library="DownloadApp">
<var>${download_dir}</var>
<kw name="Get Environment Variable" library="OperatingSystem">
<var>${user_home}</var>
<arg>UserProfile</arg>
<doc>Returns the value of an environment variable with the given name.</doc>
<msg timestamp="20230615 08:41:57.924" level="INFO">${user_home} = C:\Users\jgzarate</msg>
<status status="PASS" starttime="20230615 08:41:57.923" endtime="20230615 08:41:57.924"/>
</kw>
<msg timestamp="20230615 08:41:57.924" level="INFO">${download_dir} = C:\Users\jgzarate\Downloads</msg>
<status status="PASS" starttime="20230615 08:41:57.923" endtime="20230615 08:41:57.924"/>
</kw>
<kw name="Set Variable" library="BuiltIn">
<var>${file_path}</var>
<arg>${download_dir}\\${file_name}</arg>
<doc>Returns the given values which can then be assigned to a variables.</doc>
<msg timestamp="20230615 08:41:57.924" level="INFO">${file_path} = C:\Users\jgzarate\Downloads\Madhuri Mishra_QA_7_Years_1.pdf.pdf</msg>
<status status="PASS" starttime="20230615 08:41:57.924" endtime="20230615 08:41:57.924"/>
</kw>
<kw name="Wait Until Created" library="OperatingSystem">
<arg>${file_path}</arg>
<doc>Waits until the given file or directory is created.</doc>
<msg timestamp="20230615 08:41:58.127" level="INFO" html="true">'&lt;a href="file://C:\Users\jgzarate\Downloads\Madhuri Mishra_QA_7_Years_1.pdf.pdf"&gt;C:\Users\jgzarate\Downloads\Madhuri Mishra_QA_7_Years_1.pdf.pdf&lt;/a&gt;' was created.</msg>
<status status="PASS" starttime="20230615 08:41:57.924" endtime="20230615 08:41:58.127"/>
</kw>
<kw name="File Should Exist" library="OperatingSystem">
<arg>${file_path}</arg>
<doc>Fails unless the given ``path`` points to an existing file.</doc>
<msg timestamp="20230615 08:41:58.127" level="INFO" html="true">File '&lt;a href="file://C:\Users\jgzarate\Downloads\Madhuri Mishra_QA_7_Years_1.pdf.pdf"&gt;C:\Users\jgzarate\Downloads\Madhuri Mishra_QA_7_Years_1.pdf.pdf&lt;/a&gt;' exists.</msg>
<status status="PASS" starttime="20230615 08:41:58.127" endtime="20230615 08:41:58.127"/>
</kw>
<status status="PASS" starttime="20230615 08:41:57.923" endtime="20230615 08:41:58.127"/>
</kw>
<status status="PASS" starttime="20230615 08:41:57.782" endtime="20230615 08:41:58.127"/>
</iter>
<iter>
<var name="${link}">-main.jpg</var>
<kw name="Download File" library="DownloadApp">
<arg>${link}</arg>
<kw name="Get File Name" library="DownloadApp">
<var>${file_name}</var>
<arg>${download_link}</arg>
<kw name="Fetch From Right" library="String">
<var>${file}</var>
<arg>${file_url}</arg>
<arg>/</arg>
<doc>Returns contents of the ``string`` after the last occurrence of ``marker``.</doc>
<msg timestamp="20230615 08:41:58.128" level="INFO">${file} = -main.jpg</msg>
<status status="PASS" starttime="20230615 08:41:58.128" endtime="20230615 08:41:58.128"/>
</kw>
<kw name="Replace String" library="String">
<var>${file_name}</var>
<arg>${file}</arg>
<arg>%20</arg>
<arg>${SPACE}</arg>
<doc>Replaces ``search_for`` in the given ``string`` with ``replace_with``.</doc>
<msg timestamp="20230615 08:41:58.128" level="INFO">${file_name} = -main.jpg</msg>
<status status="PASS" starttime="20230615 08:41:58.128" endtime="20230615 08:41:58.128"/>
</kw>
<msg timestamp="20230615 08:41:58.128" level="INFO">${file_name} = -main.jpg</msg>
<status status="PASS" starttime="20230615 08:41:58.128" endtime="20230615 08:41:58.129"/>
</kw>
<kw name="Click Link" library="SeleniumLibrary">
<arg>css=a[href='download/${filename}']</arg>
<doc>Clicks a link identified by ``locator``.</doc>
<msg timestamp="20230615 08:41:58.129" level="INFO">Clicking link 'css=a[href='download/-main.jpg']'.</msg>
<status status="PASS" starttime="20230615 08:41:58.129" endtime="20230615 08:41:58.262"/>
</kw>
<status status="PASS" starttime="20230615 08:41:58.127" endtime="20230615 08:41:58.262"/>
</kw>
<kw name="Get File Name" library="DownloadApp">
<var>${file_name}</var>
<arg>${link}</arg>
<kw name="Fetch From Right" library="String">
<var>${file}</var>
<arg>${file_url}</arg>
<arg>/</arg>
<doc>Returns contents of the ``string`` after the last occurrence of ``marker``.</doc>
<msg timestamp="20230615 08:41:58.262" level="INFO">${file} = -main.jpg</msg>
<status status="PASS" starttime="20230615 08:41:58.262" endtime="20230615 08:41:58.262"/>
</kw>
<kw name="Replace String" library="String">
<var>${file_name}</var>
<arg>${file}</arg>
<arg>%20</arg>
<arg>${SPACE}</arg>
<doc>Replaces ``search_for`` in the given ``string`` with ``replace_with``.</doc>
<msg timestamp="20230615 08:41:58.263" level="INFO">${file_name} = -main.jpg</msg>
<status status="PASS" starttime="20230615 08:41:58.262" endtime="20230615 08:41:58.263"/>
</kw>
<msg timestamp="20230615 08:41:58.263" level="INFO">${file_name} = -main.jpg</msg>
<status status="PASS" starttime="20230615 08:41:58.262" endtime="20230615 08:41:58.263"/>
</kw>
<kw name="Validate File Downloaded" library="DownloadApp">
<arg>${file_name}</arg>
<kw name="Get Local Download Directory" library="DownloadApp">
<var>${download_dir}</var>
<kw name="Get Environment Variable" library="OperatingSystem">
<var>${user_home}</var>
<arg>UserProfile</arg>
<doc>Returns the value of an environment variable with the given name.</doc>
<msg timestamp="20230615 08:41:58.263" level="INFO">${user_home} = C:\Users\jgzarate</msg>
<status status="PASS" starttime="20230615 08:41:58.263" endtime="20230615 08:41:58.263"/>
</kw>
<msg timestamp="20230615 08:41:58.264" level="INFO">${download_dir} = C:\Users\jgzarate\Downloads</msg>
<status status="PASS" starttime="20230615 08:41:58.263" endtime="20230615 08:41:58.264"/>
</kw>
<kw name="Set Variable" library="BuiltIn">
<var>${file_path}</var>
<arg>${download_dir}\\${file_name}</arg>
<doc>Returns the given values which can then be assigned to a variables.</doc>
<msg timestamp="20230615 08:41:58.264" level="INFO">${file_path} = C:\Users\jgzarate\Downloads\-main.jpg</msg>
<status status="PASS" starttime="20230615 08:41:58.264" endtime="20230615 08:41:58.264"/>
</kw>
<kw name="Wait Until Created" library="OperatingSystem">
<arg>${file_path}</arg>
<doc>Waits until the given file or directory is created.</doc>
<msg timestamp="20230615 08:41:58.366" level="INFO" html="true">'&lt;a href="file://C:\Users\jgzarate\Downloads\-main.jpg"&gt;C:\Users\jgzarate\Downloads\-main.jpg&lt;/a&gt;' was created.</msg>
<status status="PASS" starttime="20230615 08:41:58.264" endtime="20230615 08:41:58.366"/>
</kw>
<kw name="File Should Exist" library="OperatingSystem">
<arg>${file_path}</arg>
<doc>Fails unless the given ``path`` points to an existing file.</doc>
<msg timestamp="20230615 08:41:58.367" level="INFO" html="true">File '&lt;a href="file://C:\Users\jgzarate\Downloads\-main.jpg"&gt;C:\Users\jgzarate\Downloads\-main.jpg&lt;/a&gt;' exists.</msg>
<status status="PASS" starttime="20230615 08:41:58.366" endtime="20230615 08:41:58.367"/>
</kw>
<status status="PASS" starttime="20230615 08:41:58.263" endtime="20230615 08:41:58.367"/>
</kw>
<status status="PASS" starttime="20230615 08:41:58.127" endtime="20230615 08:41:58.367"/>
</iter>
<iter>
<var name="${link}">logo.png</var>
<kw name="Download File" library="DownloadApp">
<arg>${link}</arg>
<kw name="Get File Name" library="DownloadApp">
<var>${file_name}</var>
<arg>${download_link}</arg>
<kw name="Fetch From Right" library="String">
<var>${file}</var>
<arg>${file_url}</arg>
<arg>/</arg>
<doc>Returns contents of the ``string`` after the last occurrence of ``marker``.</doc>
<msg timestamp="20230615 08:41:58.367" level="INFO">${file} = logo.png</msg>
<status status="PASS" starttime="20230615 08:41:58.367" endtime="20230615 08:41:58.367"/>
</kw>
<kw name="Replace String" library="String">
<var>${file_name}</var>
<arg>${file}</arg>
<arg>%20</arg>
<arg>${SPACE}</arg>
<doc>Replaces ``search_for`` in the given ``string`` with ``replace_with``.</doc>
<msg timestamp="20230615 08:41:58.368" level="INFO">${file_name} = logo.png</msg>
<status status="PASS" starttime="20230615 08:41:58.367" endtime="20230615 08:41:58.368"/>
</kw>
<msg timestamp="20230615 08:41:58.368" level="INFO">${file_name} = logo.png</msg>
<status status="PASS" starttime="20230615 08:41:58.367" endtime="20230615 08:41:58.368"/>
</kw>
<kw name="Click Link" library="SeleniumLibrary">
<arg>css=a[href='download/${filename}']</arg>
<doc>Clicks a link identified by ``locator``.</doc>
<msg timestamp="20230615 08:41:58.368" level="INFO">Clicking link 'css=a[href='download/logo.png']'.</msg>
<status status="PASS" starttime="20230615 08:41:58.368" endtime="20230615 08:41:58.511"/>
</kw>
<status status="PASS" starttime="20230615 08:41:58.367" endtime="20230615 08:41:58.511"/>
</kw>
<kw name="Get File Name" library="DownloadApp">
<var>${file_name}</var>
<arg>${link}</arg>
<kw name="Fetch From Right" library="String">
<var>${file}</var>
<arg>${file_url}</arg>
<arg>/</arg>
<doc>Returns contents of the ``string`` after the last occurrence of ``marker``.</doc>
<msg timestamp="20230615 08:41:58.511" level="INFO">${file} = logo.png</msg>
<status status="PASS" starttime="20230615 08:41:58.511" endtime="20230615 08:41:58.511"/>
</kw>
<kw name="Replace String" library="String">
<var>${file_name}</var>
<arg>${file}</arg>
<arg>%20</arg>
<arg>${SPACE}</arg>
<doc>Replaces ``search_for`` in the given ``string`` with ``replace_with``.</doc>
<msg timestamp="20230615 08:41:58.512" level="INFO">${file_name} = logo.png</msg>
<status status="PASS" starttime="20230615 08:41:58.512" endtime="20230615 08:41:58.512"/>
</kw>
<msg timestamp="20230615 08:41:58.512" level="INFO">${file_name} = logo.png</msg>
<status status="PASS" starttime="20230615 08:41:58.511" endtime="20230615 08:41:58.512"/>
</kw>
<kw name="Validate File Downloaded" library="DownloadApp">
<arg>${file_name}</arg>
<kw name="Get Local Download Directory" library="DownloadApp">
<var>${download_dir}</var>
<kw name="Get Environment Variable" library="OperatingSystem">
<var>${user_home}</var>
<arg>UserProfile</arg>
<doc>Returns the value of an environment variable with the given name.</doc>
<msg timestamp="20230615 08:41:58.512" level="INFO">${user_home} = C:\Users\jgzarate</msg>
<status status="PASS" starttime="20230615 08:41:58.512" endtime="20230615 08:41:58.512"/>
</kw>
<msg timestamp="20230615 08:41:58.512" level="INFO">${download_dir} = C:\Users\jgzarate\Downloads</msg>
<status status="PASS" starttime="20230615 08:41:58.512" endtime="20230615 08:41:58.512"/>
</kw>
<kw name="Set Variable" library="BuiltIn">
<var>${file_path}</var>
<arg>${download_dir}\\${file_name}</arg>
<doc>Returns the given values which can then be assigned to a variables.</doc>
<msg timestamp="20230615 08:41:58.513" level="INFO">${file_path} = C:\Users\jgzarate\Downloads\logo.png</msg>
<status status="PASS" starttime="20230615 08:41:58.513" endtime="20230615 08:41:58.513"/>
</kw>
<kw name="Wait Until Created" library="OperatingSystem">
<arg>${file_path}</arg>
<doc>Waits until the given file or directory is created.</doc>
<msg timestamp="20230615 08:41:58.613" level="INFO" html="true">'&lt;a href="file://C:\Users\jgzarate\Downloads\logo.png"&gt;C:\Users\jgzarate\Downloads\logo.png&lt;/a&gt;' was created.</msg>
<status status="PASS" starttime="20230615 08:41:58.513" endtime="20230615 08:41:58.613"/>
</kw>
<kw name="File Should Exist" library="OperatingSystem">
<arg>${file_path}</arg>
<doc>Fails unless the given ``path`` points to an existing file.</doc>
<msg timestamp="20230615 08:41:58.613" level="INFO" html="true">File '&lt;a href="file://C:\Users\jgzarate\Downloads\logo.png"&gt;C:\Users\jgzarate\Downloads\logo.png&lt;/a&gt;' exists.</msg>
<status status="PASS" starttime="20230615 08:41:58.613" endtime="20230615 08:41:58.614"/>
</kw>
<status status="PASS" starttime="20230615 08:41:58.512" endtime="20230615 08:41:58.614"/>
</kw>
<status status="PASS" starttime="20230615 08:41:58.367" endtime="20230615 08:41:58.614"/>
</iter>
<status status="PASS" starttime="20230615 08:41:30.518" endtime="20230615 08:41:58.614"/>
</for>
<status status="PASS" starttime="20230615 08:41:30.126" endtime="20230615 08:41:58.614"/>
</kw>
<kw name="End Web Test" library="Common" type="TEARDOWN">
<kw name="Close All Browsers" library="SeleniumLibrary">
<doc>Closes all open browsers and resets the browser cache.</doc>
<status status="PASS" starttime="20230615 08:41:58.615" endtime="20230615 08:42:04.901"/>
</kw>
<status status="PASS" starttime="20230615 08:41:58.615" endtime="20230615 08:42:04.902"/>
</kw>
<doc>Test to verify each file on page is being downloaded correctly</doc>
<status status="PASS" starttime="20230615 08:41:26.802" endtime="20230615 08:42:04.903"/>
</test>
<doc>Tests to verify the functionality of the HerokuApp download page</doc>
<status status="PASS" starttime="20230615 08:41:26.174" endtime="20230615 08:42:04.908"/>
</suite>
<statistics>
<total>
<stat pass="1" fail="0" skip="0">All Tests</stat>
</total>
<tag>
</tag>
<suite>
<stat pass="1" fail="0" skip="0" id="s1" name="Download">Download</stat>
</suite>
</statistics>
<errors>
</errors>
</robot>
